Determining if the pthread_create exist failed with the following output:
Change Dir: /home/csmajs/msain003/spring-2019-assignment-the-null-terminators/CMakeFiles/CMakeTmp

Run Build Command:"/opt/rh/devtoolset-6/root/usr/bin/gmake" "cmTC_ea926/fast"
/opt/rh/devtoolset-6/root/usr/bin/gmake -f CMakeFiles/cmTC_ea926.dir/build.make CMakeFiles/cmTC_ea926.dir/build
gmake[1]: Entering directory '/home/csmajs/msain003/spring-2019-assignment-the-null-terminators/CMakeFiles/CMakeTmp'
Building C object CMakeFiles/cmTC_ea926.dir/CheckSymbolExists.c.o
/opt/rh/devtoolset-6/root/usr/bin/cc    -o CMakeFiles/cmTC_ea926.dir/CheckSymbolExists.c.o   -c /home/csmajs/msain003/spring-2019-assignment-the-null-terminators/CMakeFiles/CMakeTmp/CheckSymbolExists.c
Linking C executable cmTC_ea926
/usr/bin/cmake3 -E cmake_link_script CMakeFiles/cmTC_ea926.dir/link.txt --verbose=1
/opt/rh/devtoolset-6/root/usr/bin/cc      -rdynamic CMakeFiles/cmTC_ea926.dir/CheckSymbolExists.c.o  -o cmTC_ea926 
CMakeFiles/cmTC_ea926.dir/CheckSymbolExists.c.o: In function `main':
CheckSymbolExists.c:(.text+0x16): undefined reference to `pthread_create'
collect2: error: ld returned 1 exit status
CMakeFiles/cmTC_ea926.dir/build.make:86: recipe for target 'cmTC_ea926' failed
gmake[1]: *** [cmTC_ea926] Error 1
gmake[1]: Leaving directory '/home/csmajs/msain003/spring-2019-assignment-the-null-terminators/CMakeFiles/CMakeTmp'
Makefile:121: recipe for target 'cmTC_ea926/fast' failed
gmake: *** [cmTC_ea926/fast] Error 2

File /home/csmajs/msain003/spring-2019-assignment-the-null-terminators/CMakeFiles/CMakeTmp/CheckSymbolExists.c:
/* */
#include <pthread.h>

int main(int argc, char** argv)
{
  (void)argv;
#ifndef pthread_create
  return ((int*)(&pthread_create))[argc];
#else
  (void)argc;
  return 0;
#endif
}

Determining if the function pthread_create exists in the pthreads failed with the following output:
Change Dir: /home/csmajs/msain003/spring-2019-assignment-the-null-terminators/CMakeFiles/CMakeTmp

Run Build Command:"/opt/rh/devtoolset-6/root/usr/bin/gmake" "cmTC_742a3/fast"
/opt/rh/devtoolset-6/root/usr/bin/gmake -f CMakeFiles/cmTC_742a3.dir/build.make CMakeFiles/cmTC_742a3.dir/build
gmake[1]: Entering directory '/home/csmajs/msain003/spring-2019-assignment-the-null-terminators/CMakeFiles/CMakeTmp'
Building C object CMakeFiles/cmTC_742a3.dir/CheckFunctionExists.c.o
/opt/rh/devtoolset-6/root/usr/bin/cc   -DCHECK_FUNCTION_EXISTS=pthread_create   -o CMakeFiles/cmTC_742a3.dir/CheckFunctionExists.c.o   -c /usr/share/cmake3/Modules/CheckFunctionExists.c
Linking C executable cmTC_742a3
/usr/bin/cmake3 -E cmake_link_script CMakeFiles/cmTC_742a3.dir/link.txt --verbose=1
/opt/rh/devtoolset-6/root/usr/bin/cc  -DCHECK_FUNCTION_EXISTS=pthread_create    -rdynamic CMakeFiles/cmTC_742a3.dir/CheckFunctionExists.c.o  -o cmTC_742a3 -lpthreads 
/opt/rh/devtoolset-6/root/usr/libexec/gcc/x86_64-redhat-linux/6.3.1/ld: cannot find -lpthreads
collect2: error: ld returned 1 exit status
CMakeFiles/cmTC_742a3.dir/build.make:86: recipe for target 'cmTC_742a3' failed
gmake[1]: *** [cmTC_742a3] Error 1
gmake[1]: Leaving directory '/home/csmajs/msain003/spring-2019-assignment-the-null-terminators/CMakeFiles/CMakeTmp'
Makefile:121: recipe for target 'cmTC_742a3/fast' failed
gmake: *** [cmTC_742a3/fast] Error 2


Performing C SOURCE FILE Test CMAKE_HAVE_LIBC_PTHREAD failed with the following output:
Change Dir: /home/csmajs/msain003/spring-2019-assignment-the-null-terminators/CMakeFiles/CMakeTmp

Run Build Command(s):/opt/rh/devtoolset-6/root/usr/bin/gmake cmTC_994ab/fast && gmake[1]: Entering directory '/home/csmajs/msain003/spring-2019-assignment-the-null-terminators/CMakeFiles/CMakeTmp'
/opt/rh/devtoolset-6/root/usr/bin/gmake  -f CMakeFiles/cmTC_994ab.dir/build.make CMakeFiles/cmTC_994ab.dir/build
gmake[2]: Entering directory '/home/csmajs/msain003/spring-2019-assignment-the-null-terminators/CMakeFiles/CMakeTmp'
Building C object CMakeFiles/cmTC_994ab.dir/src.c.o
/opt/rh/devtoolset-6/root/usr/bin/cc   -DCMAKE_HAVE_LIBC_PTHREAD   -o CMakeFiles/cmTC_994ab.dir/src.c.o   -c /home/csmajs/msain003/spring-2019-assignment-the-null-terminators/CMakeFiles/CMakeTmp/src.c
Linking C executable cmTC_994ab
/usr/bin/cmake3 -E cmake_link_script CMakeFiles/cmTC_994ab.dir/link.txt --verbose=1
/opt/rh/devtoolset-6/root/usr/bin/cc  -DCMAKE_HAVE_LIBC_PTHREAD    -rdynamic CMakeFiles/cmTC_994ab.dir/src.c.o  -o cmTC_994ab 
CMakeFiles/cmTC_994ab.dir/src.c.o: In function `main':
src.c:(.text+0x2d): undefined reference to `pthread_create'
src.c:(.text+0x39): undefined reference to `pthread_detach'
src.c:(.text+0x45): undefined reference to `pthread_cancel'
src.c:(.text+0x56): undefined reference to `pthread_join'
src.c:(.text+0x6a): undefined reference to `pthread_atfork'
collect2: error: ld returned 1 exit status
CMakeFiles/cmTC_994ab.dir/build.make:106: recipe for target 'cmTC_994ab' failed
gmake[2]: *** [cmTC_994ab] Error 1
gmake[2]: Leaving directory '/home/csmajs/msain003/spring-2019-assignment-the-null-terminators/CMakeFiles/CMakeTmp'
Makefile:141: recipe for target 'cmTC_994ab/fast' failed
gmake[1]: *** [cmTC_994ab/fast] Error 2
gmake[1]: Leaving directory '/home/csmajs/msain003/spring-2019-assignment-the-null-terminators/CMakeFiles/CMakeTmp'


Source file was:
#include <pthread.h>

void* test_func(void* data)
{
  return data;
}

int main(void)
{
  pthread_t thread;
  pthread_create(&thread, NULL, test_func, NULL);
  pthread_detach(thread);
  pthread_cancel(thread);
  pthread_join(thread, NULL);
  pthread_atfork(NULL, NULL, NULL);
  pthread_exit(NULL);

  return 0;
}

