The system is: Linux - 3.10.0-957.12.1.el7.x86_64 - x86_64
Compiling the C compiler identification source file "CMakeCCompilerId.c" succeeded.
Compiler: /opt/rh/devtoolset-6/root/usr/bin/cc 
Build flags: 
Id flags:  

The output was:
0


Compilation of the C compiler identification source "CMakeCCompilerId.c" produced "a.out"

The C compiler identification is GNU, found in "/home/csmajs/msain003/spring-2019-assignment-the-null-terminators/CMakeFiles/3.13.4/CompilerIdC/a.out"

Compiling the CXX compiler identification source file "CMakeCXXCompilerId.cpp" succeeded.
Compiler: /opt/rh/devtoolset-6/root/usr/bin/c++ 
Build flags: 
Id flags:  

The output was:
0


Compilation of the CXX compiler identification source "CMakeCXXCompilerId.cpp" produced "a.out"

The CXX compiler identification is GNU, found in "/home/csmajs/msain003/spring-2019-assignment-the-null-terminators/CMakeFiles/3.13.4/CompilerIdCXX/a.out"

Determining if the C compiler works passed with the following output:
Change Dir: /home/csmajs/msain003/spring-2019-assignment-the-null-terminators/CMakeFiles/CMakeTmp

Run Build Command:"/opt/rh/devtoolset-6/root/usr/bin/gmake" "cmTC_b4be1/fast"
/opt/rh/devtoolset-6/root/usr/bin/gmake -f CMakeFiles/cmTC_b4be1.dir/build.make CMakeFiles/cmTC_b4be1.dir/build
gmake[1]: Entering directory '/home/csmajs/msain003/spring-2019-assignment-the-null-terminators/CMakeFiles/CMakeTmp'
Building C object CMakeFiles/cmTC_b4be1.dir/testCCompiler.c.o
/opt/rh/devtoolset-6/root/usr/bin/cc    -o CMakeFiles/cmTC_b4be1.dir/testCCompiler.c.o   -c /home/csmajs/msain003/spring-2019-assignment-the-null-terminators/CMakeFiles/CMakeTmp/testCCompiler.c
Linking C executable cmTC_b4be1
/usr/bin/cmake3 -E cmake_link_script CMakeFiles/cmTC_b4be1.dir/link.txt --verbose=1
/opt/rh/devtoolset-6/root/usr/bin/cc      -rdynamic CMakeFiles/cmTC_b4be1.dir/testCCompiler.c.o  -o cmTC_b4be1 
gmake[1]: Leaving directory '/home/csmajs/msain003/spring-2019-assignment-the-null-terminators/CMakeFiles/CMakeTmp'


Detecting C compiler ABI info compiled with the following output:
Change Dir: /home/csmajs/msain003/spring-2019-assignment-the-null-terminators/CMakeFiles/CMakeTmp

Run Build Command:"/opt/rh/devtoolset-6/root/usr/bin/gmake" "cmTC_eb3d5/fast"
/opt/rh/devtoolset-6/root/usr/bin/gmake -f CMakeFiles/cmTC_eb3d5.dir/build.make CMakeFiles/cmTC_eb3d5.dir/build
gmake[1]: Entering directory '/home/csmajs/msain003/spring-2019-assignment-the-null-terminators/CMakeFiles/CMakeTmp'
Building C object CMakeFiles/cmTC_eb3d5.dir/CMakeCCompilerABI.c.o
/opt/rh/devtoolset-6/root/usr/bin/cc    -o CMakeFiles/cmTC_eb3d5.dir/CMakeCCompilerABI.c.o   -c /usr/share/cmake3/Modules/CMakeCCompilerABI.c
Linking C executable cmTC_eb3d5
/usr/bin/cmake3 -E cmake_link_script CMakeFiles/cmTC_eb3d5.dir/link.txt --verbose=1
/opt/rh/devtoolset-6/root/usr/bin/cc     -v -rdynamic CMakeFiles/cmTC_eb3d5.dir/CMakeCCompilerABI.c.o  -o cmTC_eb3d5 
Using built-in specs.
COLLECT_GCC=/opt/rh/devtoolset-6/root/usr/bin/cc
COLLECT_LTO_WRAPPER=/opt/rh/devtoolset-6/root/usr/libexec/gcc/x86_64-redhat-linux/6.3.1/lto-wrapper
Target: x86_64-redhat-linux
Configured with: ../configure --enable-bootstrap --enable-languages=c,c++,fortran,lto --prefix=/opt/rh/devtoolset-6/root/usr --mandir=/opt/rh/devtoolset-6/root/usr/share/man --infodir=/opt/rh/devtoolset-6/root/usr/share/info --with-bugurl=http://bugzilla.redhat.com/bugzilla --enable-shared --enable-threads=posix --enable-checking=release --enable-multilib --with-system-zlib --enable-__cxa_atexit --disable-libunwind-exceptions --enable-gnu-unique-object --enable-linker-build-id --enable-plugin --with-linker-hash-style=gnu --enable-initfini-array --disable-libgcj --with-default-libstdcxx-abi=gcc4-compatible --with-isl=/builddir/build/BUILD/gcc-6.3.1-20170216/obj-x86_64-redhat-linux/isl-install --enable-libmpx --enable-gnu-indirect-function --with-tune=generic --with-arch_32=i686 --build=x86_64-redhat-linux
Thread model: posix
gcc version 6.3.1 20170216 (Red Hat 6.3.1-3) (GCC) 
COMPILER_PATH=/opt/rh/devtoolset-6/root/usr/libexec/gcc/x86_64-redhat-linux/6.3.1/:/opt/rh/devtoolset-6/root/usr/libexec/gcc/x86_64-redhat-linux/6.3.1/:/opt/rh/devtoolset-6/root/usr/libexec/gcc/x86_64-redhat-linux/:/opt/rh/devtoolset-6/root/usr/lib/gcc/x86_64-redhat-linux/6.3.1/:/opt/rh/devtoolset-6/root/usr/lib/gcc/x86_64-redhat-linux/
LIBRARY_PATH=/opt/rh/devtoolset-6/root/usr/lib/gcc/x86_64-redhat-linux/6.3.1/:/opt/rh/devtoolset-6/root/usr/lib/gcc/x86_64-redhat-linux/6.3.1/../../../../lib64/:/lib/../lib64/:/usr/lib/../lib64/:/opt/rh/devtoolset-6/root/usr/lib/gcc/x86_64-redhat-linux/6.3.1/../../../:/lib/:/usr/lib/
COLLECT_GCC_OPTIONS='-v' '-rdynamic' '-o' 'cmTC_eb3d5' '-mtune=generic' '-march=x86-64'
 /opt/rh/devtoolset-6/root/usr/libexec/gcc/x86_64-redhat-linux/6.3.1/collect2 -plugin /opt/rh/devtoolset-6/root/usr/libexec/gcc/x86_64-redhat-linux/6.3.1/liblto_plugin.so -plugin-opt=/opt/rh/devtoolset-6/root/usr/libexec/gcc/x86_64-redhat-linux/6.3.1/lto-wrapper -plugin-opt=-fresolution=/tmp/ccu1wtlj.res -plugin-opt=-pass-through=-lgcc -plugin-opt=-pass-through=-lgcc_s -plugin-opt=-pass-through=-lc -plugin-opt=-pass-through=-lgcc -plugin-opt=-pass-through=-lgcc_s --build-id --no-add-needed --eh-frame-hdr --hash-style=gnu -m elf_x86_64 -export-dynamic -dynamic-linker /lib64/ld-linux-x86-64.so.2 -o cmTC_eb3d5 /lib/../lib64/crt1.o /lib/../lib64/crti.o /opt/rh/devtoolset-6/root/usr/lib/gcc/x86_64-redhat-linux/6.3.1/crtbegin.o -L/opt/rh/devtoolset-6/root/usr/lib/gcc/x86_64-redhat-linux/6.3.1 -L/opt/rh/devtoolset-6/root/usr/lib/gcc/x86_64-redhat-linux/6.3.1/../../../../lib64 -L/lib/../lib64 -L/usr/lib/../lib64 -L/opt/rh/devtoolset-6/root/usr/lib/gcc/x86_64-redhat-linux/6.3.1/../../.. CMakeFiles/cmTC_eb3d5.dir/CMakeCCompilerABI.c.o -lgcc --as-needed -lgcc_s --no-as-needed -lc -lgcc --as-needed -lgcc_s --no-as-needed /opt/rh/devtoolset-6/root/usr/lib/gcc/x86_64-redhat-linux/6.3.1/crtend.o /lib/../lib64/crtn.o
COLLECT_GCC_OPTIONS='-v' '-rdynamic' '-o' 'cmTC_eb3d5' '-mtune=generic' '-march=x86-64'
gmake[1]: Leaving directory '/home/csmajs/msain003/spring-2019-assignment-the-null-terminators/CMakeFiles/CMakeTmp'


Parsed C implicit link information from above output:
  link line regex: [^( *|.*[/\])(ld|CMAKE_LINK_STARTFILE-NOTFOUND|([^/\]+-)?ld|collect2)[^/\]*( |$)]
  ignore line: [Change Dir: /home/csmajs/msain003/spring-2019-assignment-the-null-terminators/CMakeFiles/CMakeTmp]
  ignore line: []
  ignore line: [Run Build Command:"/opt/rh/devtoolset-6/root/usr/bin/gmake" "cmTC_eb3d5/fast"]
  ignore line: [/opt/rh/devtoolset-6/root/usr/bin/gmake -f CMakeFiles/cmTC_eb3d5.dir/build.make CMakeFiles/cmTC_eb3d5.dir/build]
  ignore line: [gmake[1]: Entering directory '/home/csmajs/msain003/spring-2019-assignment-the-null-terminators/CMakeFiles/CMakeTmp']
  ignore line: [Building C object CMakeFiles/cmTC_eb3d5.dir/CMakeCCompilerABI.c.o]
  ignore line: [/opt/rh/devtoolset-6/root/usr/bin/cc    -o CMakeFiles/cmTC_eb3d5.dir/CMakeCCompilerABI.c.o   -c /usr/share/cmake3/Modules/CMakeCCompilerABI.c]
  ignore line: [Linking C executable cmTC_eb3d5]
  ignore line: [/usr/bin/cmake3 -E cmake_link_script CMakeFiles/cmTC_eb3d5.dir/link.txt --verbose=1]
  ignore line: [/opt/rh/devtoolset-6/root/usr/bin/cc     -v -rdynamic CMakeFiles/cmTC_eb3d5.dir/CMakeCCompilerABI.c.o  -o cmTC_eb3d5 ]
  ignore line: [Using built-in specs.]
  ignore line: [COLLECT_GCC=/opt/rh/devtoolset-6/root/usr/bin/cc]
  ignore line: [COLLECT_LTO_WRAPPER=/opt/rh/devtoolset-6/root/usr/libexec/gcc/x86_64-redhat-linux/6.3.1/lto-wrapper]
  ignore line: [Target: x86_64-redhat-linux]
  ignore line: [Configured with: ../configure --enable-bootstrap --enable-languages=c,c++,fortran,lto --prefix=/opt/rh/devtoolset-6/root/usr --mandir=/opt/rh/devtoolset-6/root/usr/share/man --infodir=/opt/rh/devtoolset-6/root/usr/share/info --with-bugurl=http://bugzilla.redhat.com/bugzilla --enable-shared --enable-threads=posix --enable-checking=release --enable-multilib --with-system-zlib --enable-__cxa_atexit --disable-libunwind-exceptions --enable-gnu-unique-object --enable-linker-build-id --enable-plugin --with-linker-hash-style=gnu --enable-initfini-array --disable-libgcj --with-default-libstdcxx-abi=gcc4-compatible --with-isl=/builddir/build/BUILD/gcc-6.3.1-20170216/obj-x86_64-redhat-linux/isl-install --enable-libmpx --enable-gnu-indirect-function --with-tune=generic --with-arch_32=i686 --build=x86_64-redhat-linux]
  ignore line: [Thread model: posix]
  ignore line: [gcc version 6.3.1 20170216 (Red Hat 6.3.1-3) (GCC) ]
  ignore line: [COMPILER_PATH=/opt/rh/devtoolset-6/root/usr/libexec/gcc/x86_64-redhat-linux/6.3.1/:/opt/rh/devtoolset-6/root/usr/libexec/gcc/x86_64-redhat-linux/6.3.1/:/opt/rh/devtoolset-6/root/usr/libexec/gcc/x86_64-redhat-linux/:/opt/rh/devtoolset-6/root/usr/lib/gcc/x86_64-redhat-linux/6.3.1/:/opt/rh/devtoolset-6/root/usr/lib/gcc/x86_64-redhat-linux/]
  ignore line: [LIBRARY_PATH=/opt/rh/devtoolset-6/root/usr/lib/gcc/x86_64-redhat-linux/6.3.1/:/opt/rh/devtoolset-6/root/usr/lib/gcc/x86_64-redhat-linux/6.3.1/../../../../lib64/:/lib/../lib64/:/usr/lib/../lib64/:/opt/rh/devtoolset-6/root/usr/lib/gcc/x86_64-redhat-linux/6.3.1/../../../:/lib/:/usr/lib/]
  ignore line: [COLLECT_GCC_OPTIONS='-v' '-rdynamic' '-o' 'cmTC_eb3d5' '-mtune=generic' '-march=x86-64']
  link line: [ /opt/rh/devtoolset-6/root/usr/libexec/gcc/x86_64-redhat-linux/6.3.1/collect2 -plugin /opt/rh/devtoolset-6/root/usr/libexec/gcc/x86_64-redhat-linux/6.3.1/liblto_plugin.so -plugin-opt=/opt/rh/devtoolset-6/root/usr/libexec/gcc/x86_64-redhat-linux/6.3.1/lto-wrapper -plugin-opt=-fresolution=/tmp/ccu1wtlj.res -plugin-opt=-pass-through=-lgcc -plugin-opt=-pass-through=-lgcc_s -plugin-opt=-pass-through=-lc -plugin-opt=-pass-through=-lgcc -plugin-opt=-pass-through=-lgcc_s --build-id --no-add-needed --eh-frame-hdr --hash-style=gnu -m elf_x86_64 -export-dynamic -dynamic-linker /lib64/ld-linux-x86-64.so.2 -o cmTC_eb3d5 /lib/../lib64/crt1.o /lib/../lib64/crti.o /opt/rh/devtoolset-6/root/usr/lib/gcc/x86_64-redhat-linux/6.3.1/crtbegin.o -L/opt/rh/devtoolset-6/root/usr/lib/gcc/x86_64-redhat-linux/6.3.1 -L/opt/rh/devtoolset-6/root/usr/lib/gcc/x86_64-redhat-linux/6.3.1/../../../../lib64 -L/lib/../lib64 -L/usr/lib/../lib64 -L/opt/rh/devtoolset-6/root/usr/lib/gcc/x86_64-redhat-linux/6.3.1/../../.. CMakeFiles/cmTC_eb3d5.dir/CMakeCCompilerABI.c.o -lgcc --as-needed -lgcc_s --no-as-needed -lc -lgcc --as-needed -lgcc_s --no-as-needed /opt/rh/devtoolset-6/root/usr/lib/gcc/x86_64-redhat-linux/6.3.1/crtend.o /lib/../lib64/crtn.o]
    arg [/opt/rh/devtoolset-6/root/usr/libexec/gcc/x86_64-redhat-linux/6.3.1/collect2] ==> ignore
    arg [-plugin] ==> ignore
    arg [/opt/rh/devtoolset-6/root/usr/libexec/gcc/x86_64-redhat-linux/6.3.1/liblto_plugin.so] ==> ignore
    arg [-plugin-opt=/opt/rh/devtoolset-6/root/usr/libexec/gcc/x86_64-redhat-linux/6.3.1/lto-wrapper] ==> ignore
    arg [-plugin-opt=-fresolution=/tmp/ccu1wtlj.res] ==> ignore
    arg [-plugin-opt=-pass-through=-lgcc] ==> ignore
    arg [-plugin-opt=-pass-through=-lgcc_s] ==> ignore
    arg [-plugin-opt=-pass-through=-lc] ==> ignore
    arg [-plugin-opt=-pass-through=-lgcc] ==> ignore
    arg [-plugin-opt=-pass-through=-lgcc_s] ==> ignore
    arg [--build-id] ==> ignore
    arg [--no-add-needed] ==> ignore
    arg [--eh-frame-hdr] ==> ignore
    arg [--hash-style=gnu] ==> ignore
    arg [-m] ==> ignore
    arg [elf_x86_64] ==> ignore
    arg [-export-dynamic] ==> ignore
    arg [-dynamic-linker] ==> ignore
    arg [/lib64/ld-linux-x86-64.so.2] ==> ignore
    arg [-o] ==> ignore
    arg [cmTC_eb3d5] ==> ignore
    arg [/lib/../lib64/crt1.o] ==> ignore
    arg [/lib/../lib64/crti.o] ==> ignore
    arg [/opt/rh/devtoolset-6/root/usr/lib/gcc/x86_64-redhat-linux/6.3.1/crtbegin.o] ==> ignore
    arg [-L/opt/rh/devtoolset-6/root/usr/lib/gcc/x86_64-redhat-linux/6.3.1] ==> dir [/opt/rh/devtoolset-6/root/usr/lib/gcc/x86_64-redhat-linux/6.3.1]
    arg [-L/opt/rh/devtoolset-6/root/usr/lib/gcc/x86_64-redhat-linux/6.3.1/../../../../lib64] ==> dir [/opt/rh/devtoolset-6/root/usr/lib/gcc/x86_64-redhat-linux/6.3.1/../../../../lib64]
    arg [-L/lib/../lib64] ==> dir [/lib/../lib64]
    arg [-L/usr/lib/../lib64] ==> dir [/usr/lib/../lib64]
    arg [-L/opt/rh/devtoolset-6/root/usr/lib/gcc/x86_64-redhat-linux/6.3.1/../../..] ==> dir [/opt/rh/devtoolset-6/root/usr/lib/gcc/x86_64-redhat-linux/6.3.1/../../..]
    arg [CMakeFiles/cmTC_eb3d5.dir/CMakeCCompilerABI.c.o] ==> ignore
    arg [-lgcc] ==> lib [gcc]
    arg [--as-needed] ==> ignore
    arg [-lgcc_s] ==> lib [gcc_s]
    arg [--no-as-needed] ==> ignore
    arg [-lc] ==> lib [c]
    arg [-lgcc] ==> lib [gcc]
    arg [--as-needed] ==> ignore
    arg [-lgcc_s] ==> lib [gcc_s]
    arg [--no-as-needed] ==> ignore
    arg [/opt/rh/devtoolset-6/root/usr/lib/gcc/x86_64-redhat-linux/6.3.1/crtend.o] ==> ignore
    arg [/lib/../lib64/crtn.o] ==> ignore
  collapse library dir [/opt/rh/devtoolset-6/root/usr/lib/gcc/x86_64-redhat-linux/6.3.1] ==> [/opt/rh/devtoolset-6/root/usr/lib/gcc/x86_64-redhat-linux/6.3.1]
  collapse library dir [/opt/rh/devtoolset-6/root/usr/lib/gcc/x86_64-redhat-linux/6.3.1/../../../../lib64] ==> [/opt/rh/devtoolset-6/root/usr/lib64]
  collapse library dir [/lib/../lib64] ==> [/lib64]
  collapse library dir [/usr/lib/../lib64] ==> [/usr/lib64]
  collapse library dir [/opt/rh/devtoolset-6/root/usr/lib/gcc/x86_64-redhat-linux/6.3.1/../../..] ==> [/opt/rh/devtoolset-6/root/usr/lib]
  implicit libs: [gcc;gcc_s;c;gcc;gcc_s]
  implicit dirs: [/opt/rh/devtoolset-6/root/usr/lib/gcc/x86_64-redhat-linux/6.3.1;/opt/rh/devtoolset-6/root/usr/lib64;/lib64;/usr/lib64;/opt/rh/devtoolset-6/root/usr/lib]
  implicit fwks: []




Detecting C [-std=c11] compiler features compiled with the following output:
Change Dir: /home/csmajs/msain003/spring-2019-assignment-the-null-terminators/CMakeFiles/CMakeTmp

Run Build Command:"/opt/rh/devtoolset-6/root/usr/bin/gmake" "cmTC_ba8b7/fast"
/opt/rh/devtoolset-6/root/usr/bin/gmake -f CMakeFiles/cmTC_ba8b7.dir/build.make CMakeFiles/cmTC_ba8b7.dir/build
gmake[1]: Entering directory '/home/csmajs/msain003/spring-2019-assignment-the-null-terminators/CMakeFiles/CMakeTmp'
Building C object CMakeFiles/cmTC_ba8b7.dir/feature_tests.c.o
/opt/rh/devtoolset-6/root/usr/bin/cc   -std=c11 -o CMakeFiles/cmTC_ba8b7.dir/feature_tests.c.o   -c /home/csmajs/msain003/spring-2019-assignment-the-null-terminators/CMakeFiles/feature_tests.c
Linking C executable cmTC_ba8b7
/usr/bin/cmake3 -E cmake_link_script CMakeFiles/cmTC_ba8b7.dir/link.txt --verbose=1
/opt/rh/devtoolset-6/root/usr/bin/cc      -rdynamic CMakeFiles/cmTC_ba8b7.dir/feature_tests.c.o  -o cmTC_ba8b7 
gmake[1]: Leaving directory '/home/csmajs/msain003/spring-2019-assignment-the-null-terminators/CMakeFiles/CMakeTmp'


    Feature record: C_FEATURE:1c_function_prototypes
    Feature record: C_FEATURE:1c_restrict
    Feature record: C_FEATURE:1c_static_assert
    Feature record: C_FEATURE:1c_variadic_macros


Detecting C [-std=c99] compiler features compiled with the following output:
Change Dir: /home/csmajs/msain003/spring-2019-assignment-the-null-terminators/CMakeFiles/CMakeTmp

Run Build Command:"/opt/rh/devtoolset-6/root/usr/bin/gmake" "cmTC_3c8a9/fast"
/opt/rh/devtoolset-6/root/usr/bin/gmake -f CMakeFiles/cmTC_3c8a9.dir/build.make CMakeFiles/cmTC_3c8a9.dir/build
gmake[1]: Entering directory '/home/csmajs/msain003/spring-2019-assignment-the-null-terminators/CMakeFiles/CMakeTmp'
Building C object CMakeFiles/cmTC_3c8a9.dir/feature_tests.c.o
/opt/rh/devtoolset-6/root/usr/bin/cc   -std=c99 -o CMakeFiles/cmTC_3c8a9.dir/feature_tests.c.o   -c /home/csmajs/msain003/spring-2019-assignment-the-null-terminators/CMakeFiles/feature_tests.c
Linking C executable cmTC_3c8a9
/usr/bin/cmake3 -E cmake_link_script CMakeFiles/cmTC_3c8a9.dir/link.txt --verbose=1
/opt/rh/devtoolset-6/root/usr/bin/cc      -rdynamic CMakeFiles/cmTC_3c8a9.dir/feature_tests.c.o  -o cmTC_3c8a9 
gmake[1]: Leaving directory '/home/csmajs/msain003/spring-2019-assignment-the-null-terminators/CMakeFiles/CMakeTmp'


    Feature record: C_FEATURE:1c_function_prototypes
    Feature record: C_FEATURE:1c_restrict
    Feature record: C_FEATURE:0c_static_assert
    Feature record: C_FEATURE:1c_variadic_macros


Detecting C [-std=c90] compiler features compiled with the following output:
Change Dir: /home/csmajs/msain003/spring-2019-assignment-the-null-terminators/CMakeFiles/CMakeTmp

Run Build Command:"/opt/rh/devtoolset-6/root/usr/bin/gmake" "cmTC_811d9/fast"
/opt/rh/devtoolset-6/root/usr/bin/gmake -f CMakeFiles/cmTC_811d9.dir/build.make CMakeFiles/cmTC_811d9.dir/build
gmake[1]: Entering directory '/home/csmajs/msain003/spring-2019-assignment-the-null-terminators/CMakeFiles/CMakeTmp'
Building C object CMakeFiles/cmTC_811d9.dir/feature_tests.c.o
/opt/rh/devtoolset-6/root/usr/bin/cc   -std=c90 -o CMakeFiles/cmTC_811d9.dir/feature_tests.c.o   -c /home/csmajs/msain003/spring-2019-assignment-the-null-terminators/CMakeFiles/feature_tests.c
Linking C executable cmTC_811d9
/usr/bin/cmake3 -E cmake_link_script CMakeFiles/cmTC_811d9.dir/link.txt --verbose=1
/opt/rh/devtoolset-6/root/usr/bin/cc      -rdynamic CMakeFiles/cmTC_811d9.dir/feature_tests.c.o  -o cmTC_811d9 
gmake[1]: Leaving directory '/home/csmajs/msain003/spring-2019-assignment-the-null-terminators/CMakeFiles/CMakeTmp'


    Feature record: C_FEATURE:1c_function_prototypes
    Feature record: C_FEATURE:0c_restrict
    Feature record: C_FEATURE:0c_static_assert
    Feature record: C_FEATURE:0c_variadic_macros
Determining if the CXX compiler works passed with the following output:
Change Dir: /home/csmajs/msain003/spring-2019-assignment-the-null-terminators/CMakeFiles/CMakeTmp

Run Build Command:"/opt/rh/devtoolset-6/root/usr/bin/gmake" "cmTC_ce561/fast"
/opt/rh/devtoolset-6/root/usr/bin/gmake -f CMakeFiles/cmTC_ce561.dir/build.make CMakeFiles/cmTC_ce561.dir/build
gmake[1]: Entering directory '/home/csmajs/msain003/spring-2019-assignment-the-null-terminators/CMakeFiles/CMakeTmp'
Building CXX object CMakeFiles/cmTC_ce561.dir/testCXXCompiler.cxx.o
/opt/rh/devtoolset-6/root/usr/bin/c++     -o CMakeFiles/cmTC_ce561.dir/testCXXCompiler.cxx.o -c /home/csmajs/msain003/spring-2019-assignment-the-null-terminators/CMakeFiles/CMakeTmp/testCXXCompiler.cxx
Linking CXX executable cmTC_ce561
/usr/bin/cmake3 -E cmake_link_script CMakeFiles/cmTC_ce561.dir/link.txt --verbose=1
/opt/rh/devtoolset-6/root/usr/bin/c++       -rdynamic CMakeFiles/cmTC_ce561.dir/testCXXCompiler.cxx.o  -o cmTC_ce561 
gmake[1]: Leaving directory '/home/csmajs/msain003/spring-2019-assignment-the-null-terminators/CMakeFiles/CMakeTmp'


Detecting CXX compiler ABI info compiled with the following output:
Change Dir: /home/csmajs/msain003/spring-2019-assignment-the-null-terminators/CMakeFiles/CMakeTmp

Run Build Command:"/opt/rh/devtoolset-6/root/usr/bin/gmake" "cmTC_0e796/fast"
/opt/rh/devtoolset-6/root/usr/bin/gmake -f CMakeFiles/cmTC_0e796.dir/build.make CMakeFiles/cmTC_0e796.dir/build
gmake[1]: Entering directory '/home/csmajs/msain003/spring-2019-assignment-the-null-terminators/CMakeFiles/CMakeTmp'
Building CXX object CMakeFiles/cmTC_0e796.dir/CMakeCXXCompilerABI.cpp.o
/opt/rh/devtoolset-6/root/usr/bin/c++     -o CMakeFiles/cmTC_0e796.dir/CMakeCXXCompilerABI.cpp.o -c /usr/share/cmake3/Modules/CMakeCXXCompilerABI.cpp
Linking CXX executable cmTC_0e796
/usr/bin/cmake3 -E cmake_link_script CMakeFiles/cmTC_0e796.dir/link.txt --verbose=1
/opt/rh/devtoolset-6/root/usr/bin/c++      -v -rdynamic CMakeFiles/cmTC_0e796.dir/CMakeCXXCompilerABI.cpp.o  -o cmTC_0e796 
Using built-in specs.
COLLECT_GCC=/opt/rh/devtoolset-6/root/usr/bin/c++
COLLECT_LTO_WRAPPER=/opt/rh/devtoolset-6/root/usr/libexec/gcc/x86_64-redhat-linux/6.3.1/lto-wrapper
Target: x86_64-redhat-linux
Configured with: ../configure --enable-bootstrap --enable-languages=c,c++,fortran,lto --prefix=/opt/rh/devtoolset-6/root/usr --mandir=/opt/rh/devtoolset-6/root/usr/share/man --infodir=/opt/rh/devtoolset-6/root/usr/share/info --with-bugurl=http://bugzilla.redhat.com/bugzilla --enable-shared --enable-threads=posix --enable-checking=release --enable-multilib --with-system-zlib --enable-__cxa_atexit --disable-libunwind-exceptions --enable-gnu-unique-object --enable-linker-build-id --enable-plugin --with-linker-hash-style=gnu --enable-initfini-array --disable-libgcj --with-default-libstdcxx-abi=gcc4-compatible --with-isl=/builddir/build/BUILD/gcc-6.3.1-20170216/obj-x86_64-redhat-linux/isl-install --enable-libmpx --enable-gnu-indirect-function --with-tune=generic --with-arch_32=i686 --build=x86_64-redhat-linux
Thread model: posix
gcc version 6.3.1 20170216 (Red Hat 6.3.1-3) (GCC) 
COMPILER_PATH=/opt/rh/devtoolset-6/root/usr/libexec/gcc/x86_64-redhat-linux/6.3.1/:/opt/rh/devtoolset-6/root/usr/libexec/gcc/x86_64-redhat-linux/6.3.1/:/opt/rh/devtoolset-6/root/usr/libexec/gcc/x86_64-redhat-linux/:/opt/rh/devtoolset-6/root/usr/lib/gcc/x86_64-redhat-linux/6.3.1/:/opt/rh/devtoolset-6/root/usr/lib/gcc/x86_64-redhat-linux/
LIBRARY_PATH=/opt/rh/devtoolset-6/root/usr/lib/gcc/x86_64-redhat-linux/6.3.1/:/opt/rh/devtoolset-6/root/usr/lib/gcc/x86_64-redhat-linux/6.3.1/../../../../lib64/:/lib/../lib64/:/usr/lib/../lib64/:/opt/rh/devtoolset-6/root/usr/lib/gcc/x86_64-redhat-linux/6.3.1/../../../:/lib/:/usr/lib/
COLLECT_GCC_OPTIONS='-v' '-rdynamic' '-o' 'cmTC_0e796' '-shared-libgcc' '-mtune=generic' '-march=x86-64'
 /opt/rh/devtoolset-6/root/usr/libexec/gcc/x86_64-redhat-linux/6.3.1/collect2 -plugin /opt/rh/devtoolset-6/root/usr/libexec/gcc/x86_64-redhat-linux/6.3.1/liblto_plugin.so -plugin-opt=/opt/rh/devtoolset-6/root/usr/libexec/gcc/x86_64-redhat-linux/6.3.1/lto-wrapper -plugin-opt=-fresolution=/tmp/ccuL8wK0.res -plugin-opt=-pass-through=-lgcc_s -plugin-opt=-pass-through=-lgcc -plugin-opt=-pass-through=-lc -plugin-opt=-pass-through=-lgcc_s -plugin-opt=-pass-through=-lgcc --build-id --no-add-needed --eh-frame-hdr --hash-style=gnu -m elf_x86_64 -export-dynamic -dynamic-linker /lib64/ld-linux-x86-64.so.2 -o cmTC_0e796 /lib/../lib64/crt1.o /lib/../lib64/crti.o /opt/rh/devtoolset-6/root/usr/lib/gcc/x86_64-redhat-linux/6.3.1/crtbegin.o -L/opt/rh/devtoolset-6/root/usr/lib/gcc/x86_64-redhat-linux/6.3.1 -L/opt/rh/devtoolset-6/root/usr/lib/gcc/x86_64-redhat-linux/6.3.1/../../../../lib64 -L/lib/../lib64 -L/usr/lib/../lib64 -L/opt/rh/devtoolset-6/root/usr/lib/gcc/x86_64-redhat-linux/6.3.1/../../.. CMakeFiles/cmTC_0e796.dir/CMakeCXXCompilerABI.cpp.o -lstdc++ -lm -lgcc_s -lgcc -lc -lgcc_s -lgcc /opt/rh/devtoolset-6/root/usr/lib/gcc/x86_64-redhat-linux/6.3.1/crtend.o /lib/../lib64/crtn.o
COLLECT_GCC_OPTIONS='-v' '-rdynamic' '-o' 'cmTC_0e796' '-shared-libgcc' '-mtune=generic' '-march=x86-64'
gmake[1]: Leaving directory '/home/csmajs/msain003/spring-2019-assignment-the-null-terminators/CMakeFiles/CMakeTmp'


Parsed CXX implicit link information from above output:
  link line regex: [^( *|.*[/\])(ld|CMAKE_LINK_STARTFILE-NOTFOUND|([^/\]+-)?ld|collect2)[^/\]*( |$)]
  ignore line: [Change Dir: /home/csmajs/msain003/spring-2019-assignment-the-null-terminators/CMakeFiles/CMakeTmp]
  ignore line: []
  ignore line: [Run Build Command:"/opt/rh/devtoolset-6/root/usr/bin/gmake" "cmTC_0e796/fast"]
  ignore line: [/opt/rh/devtoolset-6/root/usr/bin/gmake -f CMakeFiles/cmTC_0e796.dir/build.make CMakeFiles/cmTC_0e796.dir/build]
  ignore line: [gmake[1]: Entering directory '/home/csmajs/msain003/spring-2019-assignment-the-null-terminators/CMakeFiles/CMakeTmp']
  ignore line: [Building CXX object CMakeFiles/cmTC_0e796.dir/CMakeCXXCompilerABI.cpp.o]
  ignore line: [/opt/rh/devtoolset-6/root/usr/bin/c++     -o CMakeFiles/cmTC_0e796.dir/CMakeCXXCompilerABI.cpp.o -c /usr/share/cmake3/Modules/CMakeCXXCompilerABI.cpp]
  ignore line: [Linking CXX executable cmTC_0e796]
  ignore line: [/usr/bin/cmake3 -E cmake_link_script CMakeFiles/cmTC_0e796.dir/link.txt --verbose=1]
  ignore line: [/opt/rh/devtoolset-6/root/usr/bin/c++      -v -rdynamic CMakeFiles/cmTC_0e796.dir/CMakeCXXCompilerABI.cpp.o  -o cmTC_0e796 ]
  ignore line: [Using built-in specs.]
  ignore line: [COLLECT_GCC=/opt/rh/devtoolset-6/root/usr/bin/c++]
  ignore line: [COLLECT_LTO_WRAPPER=/opt/rh/devtoolset-6/root/usr/libexec/gcc/x86_64-redhat-linux/6.3.1/lto-wrapper]
  ignore line: [Target: x86_64-redhat-linux]
  ignore line: [Configured with: ../configure --enable-bootstrap --enable-languages=c,c++,fortran,lto --prefix=/opt/rh/devtoolset-6/root/usr --mandir=/opt/rh/devtoolset-6/root/usr/share/man --infodir=/opt/rh/devtoolset-6/root/usr/share/info --with-bugurl=http://bugzilla.redhat.com/bugzilla --enable-shared --enable-threads=posix --enable-checking=release --enable-multilib --with-system-zlib --enable-__cxa_atexit --disable-libunwind-exceptions --enable-gnu-unique-object --enable-linker-build-id --enable-plugin --with-linker-hash-style=gnu --enable-initfini-array --disable-libgcj --with-default-libstdcxx-abi=gcc4-compatible --with-isl=/builddir/build/BUILD/gcc-6.3.1-20170216/obj-x86_64-redhat-linux/isl-install --enable-libmpx --enable-gnu-indirect-function --with-tune=generic --with-arch_32=i686 --build=x86_64-redhat-linux]
  ignore line: [Thread model: posix]
  ignore line: [gcc version 6.3.1 20170216 (Red Hat 6.3.1-3) (GCC) ]
  ignore line: [COMPILER_PATH=/opt/rh/devtoolset-6/root/usr/libexec/gcc/x86_64-redhat-linux/6.3.1/:/opt/rh/devtoolset-6/root/usr/libexec/gcc/x86_64-redhat-linux/6.3.1/:/opt/rh/devtoolset-6/root/usr/libexec/gcc/x86_64-redhat-linux/:/opt/rh/devtoolset-6/root/usr/lib/gcc/x86_64-redhat-linux/6.3.1/:/opt/rh/devtoolset-6/root/usr/lib/gcc/x86_64-redhat-linux/]
  ignore line: [LIBRARY_PATH=/opt/rh/devtoolset-6/root/usr/lib/gcc/x86_64-redhat-linux/6.3.1/:/opt/rh/devtoolset-6/root/usr/lib/gcc/x86_64-redhat-linux/6.3.1/../../../../lib64/:/lib/../lib64/:/usr/lib/../lib64/:/opt/rh/devtoolset-6/root/usr/lib/gcc/x86_64-redhat-linux/6.3.1/../../../:/lib/:/usr/lib/]
  ignore line: [COLLECT_GCC_OPTIONS='-v' '-rdynamic' '-o' 'cmTC_0e796' '-shared-libgcc' '-mtune=generic' '-march=x86-64']
  link line: [ /opt/rh/devtoolset-6/root/usr/libexec/gcc/x86_64-redhat-linux/6.3.1/collect2 -plugin /opt/rh/devtoolset-6/root/usr/libexec/gcc/x86_64-redhat-linux/6.3.1/liblto_plugin.so -plugin-opt=/opt/rh/devtoolset-6/root/usr/libexec/gcc/x86_64-redhat-linux/6.3.1/lto-wrapper -plugin-opt=-fresolution=/tmp/ccuL8wK0.res -plugin-opt=-pass-through=-lgcc_s -plugin-opt=-pass-through=-lgcc -plugin-opt=-pass-through=-lc -plugin-opt=-pass-through=-lgcc_s -plugin-opt=-pass-through=-lgcc --build-id --no-add-needed --eh-frame-hdr --hash-style=gnu -m elf_x86_64 -export-dynamic -dynamic-linker /lib64/ld-linux-x86-64.so.2 -o cmTC_0e796 /lib/../lib64/crt1.o /lib/../lib64/crti.o /opt/rh/devtoolset-6/root/usr/lib/gcc/x86_64-redhat-linux/6.3.1/crtbegin.o -L/opt/rh/devtoolset-6/root/usr/lib/gcc/x86_64-redhat-linux/6.3.1 -L/opt/rh/devtoolset-6/root/usr/lib/gcc/x86_64-redhat-linux/6.3.1/../../../../lib64 -L/lib/../lib64 -L/usr/lib/../lib64 -L/opt/rh/devtoolset-6/root/usr/lib/gcc/x86_64-redhat-linux/6.3.1/../../.. CMakeFiles/cmTC_0e796.dir/CMakeCXXCompilerABI.cpp.o -lstdc++ -lm -lgcc_s -lgcc -lc -lgcc_s -lgcc /opt/rh/devtoolset-6/root/usr/lib/gcc/x86_64-redhat-linux/6.3.1/crtend.o /lib/../lib64/crtn.o]
    arg [/opt/rh/devtoolset-6/root/usr/libexec/gcc/x86_64-redhat-linux/6.3.1/collect2] ==> ignore
    arg [-plugin] ==> ignore
    arg [/opt/rh/devtoolset-6/root/usr/libexec/gcc/x86_64-redhat-linux/6.3.1/liblto_plugin.so] ==> ignore
    arg [-plugin-opt=/opt/rh/devtoolset-6/root/usr/libexec/gcc/x86_64-redhat-linux/6.3.1/lto-wrapper] ==> ignore
    arg [-plugin-opt=-fresolution=/tmp/ccuL8wK0.res] ==> ignore
    arg [-plugin-opt=-pass-through=-lgcc_s] ==> ignore
    arg [-plugin-opt=-pass-through=-lgcc] ==> ignore
    arg [-plugin-opt=-pass-through=-lc] ==> ignore
    arg [-plugin-opt=-pass-through=-lgcc_s] ==> ignore
    arg [-plugin-opt=-pass-through=-lgcc] ==> ignore
    arg [--build-id] ==> ignore
    arg [--no-add-needed] ==> ignore
    arg [--eh-frame-hdr] ==> ignore
    arg [--hash-style=gnu] ==> ignore
    arg [-m] ==> ignore
    arg [elf_x86_64] ==> ignore
    arg [-export-dynamic] ==> ignore
    arg [-dynamic-linker] ==> ignore
    arg [/lib64/ld-linux-x86-64.so.2] ==> ignore
    arg [-o] ==> ignore
    arg [cmTC_0e796] ==> ignore
    arg [/lib/../lib64/crt1.o] ==> ignore
    arg [/lib/../lib64/crti.o] ==> ignore
    arg [/opt/rh/devtoolset-6/root/usr/lib/gcc/x86_64-redhat-linux/6.3.1/crtbegin.o] ==> ignore
    arg [-L/opt/rh/devtoolset-6/root/usr/lib/gcc/x86_64-redhat-linux/6.3.1] ==> dir [/opt/rh/devtoolset-6/root/usr/lib/gcc/x86_64-redhat-linux/6.3.1]
    arg [-L/opt/rh/devtoolset-6/root/usr/lib/gcc/x86_64-redhat-linux/6.3.1/../../../../lib64] ==> dir [/opt/rh/devtoolset-6/root/usr/lib/gcc/x86_64-redhat-linux/6.3.1/../../../../lib64]
    arg [-L/lib/../lib64] ==> dir [/lib/../lib64]
    arg [-L/usr/lib/../lib64] ==> dir [/usr/lib/../lib64]
    arg [-L/opt/rh/devtoolset-6/root/usr/lib/gcc/x86_64-redhat-linux/6.3.1/../../..] ==> dir [/opt/rh/devtoolset-6/root/usr/lib/gcc/x86_64-redhat-linux/6.3.1/../../..]
    arg [CMakeFiles/cmTC_0e796.dir/CMakeCXXCompilerABI.cpp.o] ==> ignore
    arg [-lstdc++] ==> lib [stdc++]
    arg [-lm] ==> lib [m]
    arg [-lgcc_s] ==> lib [gcc_s]
    arg [-lgcc] ==> lib [gcc]
    arg [-lc] ==> lib [c]
    arg [-lgcc_s] ==> lib [gcc_s]
    arg [-lgcc] ==> lib [gcc]
    arg [/opt/rh/devtoolset-6/root/usr/lib/gcc/x86_64-redhat-linux/6.3.1/crtend.o] ==> ignore
    arg [/lib/../lib64/crtn.o] ==> ignore
  collapse library dir [/opt/rh/devtoolset-6/root/usr/lib/gcc/x86_64-redhat-linux/6.3.1] ==> [/opt/rh/devtoolset-6/root/usr/lib/gcc/x86_64-redhat-linux/6.3.1]
  collapse library dir [/opt/rh/devtoolset-6/root/usr/lib/gcc/x86_64-redhat-linux/6.3.1/../../../../lib64] ==> [/opt/rh/devtoolset-6/root/usr/lib64]
  collapse library dir [/lib/../lib64] ==> [/lib64]
  collapse library dir [/usr/lib/../lib64] ==> [/usr/lib64]
  collapse library dir [/opt/rh/devtoolset-6/root/usr/lib/gcc/x86_64-redhat-linux/6.3.1/../../..] ==> [/opt/rh/devtoolset-6/root/usr/lib]
  implicit libs: [stdc++;m;gcc_s;gcc;c;gcc_s;gcc]
  implicit dirs: [/opt/rh/devtoolset-6/root/usr/lib/gcc/x86_64-redhat-linux/6.3.1;/opt/rh/devtoolset-6/root/usr/lib64;/lib64;/usr/lib64;/opt/rh/devtoolset-6/root/usr/lib]
  implicit fwks: []




Detecting CXX [-std=c++1z] compiler features compiled with the following output:
Change Dir: /home/csmajs/msain003/spring-2019-assignment-the-null-terminators/CMakeFiles/CMakeTmp

Run Build Command:"/opt/rh/devtoolset-6/root/usr/bin/gmake" "cmTC_34a0a/fast"
/opt/rh/devtoolset-6/root/usr/bin/gmake -f CMakeFiles/cmTC_34a0a.dir/build.make CMakeFiles/cmTC_34a0a.dir/build
gmake[1]: Entering directory '/home/csmajs/msain003/spring-2019-assignment-the-null-terminators/CMakeFiles/CMakeTmp'
Building CXX object CMakeFiles/cmTC_34a0a.dir/feature_tests.cxx.o
/opt/rh/devtoolset-6/root/usr/bin/c++    -std=c++1z -o CMakeFiles/cmTC_34a0a.dir/feature_tests.cxx.o -c /home/csmajs/msain003/spring-2019-assignment-the-null-terminators/CMakeFiles/feature_tests.cxx
Linking CXX executable cmTC_34a0a
/usr/bin/cmake3 -E cmake_link_script CMakeFiles/cmTC_34a0a.dir/link.txt --verbose=1
/opt/rh/devtoolset-6/root/usr/bin/c++       -rdynamic CMakeFiles/cmTC_34a0a.dir/feature_tests.cxx.o  -o cmTC_34a0a 
gmake[1]: Leaving directory '/home/csmajs/msain003/spring-2019-assignment-the-null-terminators/CMakeFiles/CMakeTmp'


    Feature record: CXX_FEATURE:1cxx_aggregate_default_initializers
    Feature record: CXX_FEATURE:1cxx_alias_templates
    Feature record: CXX_FEATURE:1cxx_alignas
    Feature record: CXX_FEATURE:1cxx_alignof
    Feature record: CXX_FEATURE:1cxx_attributes
    Feature record: CXX_FEATURE:1cxx_attribute_deprecated
    Feature record: CXX_FEATURE:1cxx_auto_type
    Feature record: CXX_FEATURE:1cxx_binary_literals
    Feature record: CXX_FEATURE:1cxx_constexpr
    Feature record: CXX_FEATURE:1cxx_contextual_conversions
    Feature record: CXX_FEATURE:1cxx_decltype
    Feature record: CXX_FEATURE:1cxx_decltype_auto
    Feature record: CXX_FEATURE:1cxx_decltype_incomplete_return_types
    Feature record: CXX_FEATURE:1cxx_default_function_template_args
    Feature record: CXX_FEATURE:1cxx_defaulted_functions
    Feature record: CXX_FEATURE:1cxx_defaulted_move_initializers
    Feature record: CXX_FEATURE:1cxx_delegating_constructors
    Feature record: CXX_FEATURE:1cxx_deleted_functions
    Feature record: CXX_FEATURE:1cxx_digit_separators
    Feature record: CXX_FEATURE:1cxx_enum_forward_declarations
    Feature record: CXX_FEATURE:1cxx_explicit_conversions
    Feature record: CXX_FEATURE:1cxx_extended_friend_declarations
    Feature record: CXX_FEATURE:1cxx_extern_templates
    Feature record: CXX_FEATURE:1cxx_final
    Feature record: CXX_FEATURE:1cxx_func_identifier
    Feature record: CXX_FEATURE:1cxx_generalized_initializers
    Feature record: CXX_FEATURE:1cxx_generic_lambdas
    Feature record: CXX_FEATURE:1cxx_inheriting_constructors
    Feature record: CXX_FEATURE:1cxx_inline_namespaces
    Feature record: CXX_FEATURE:1cxx_lambdas
    Feature record: CXX_FEATURE:1cxx_lambda_init_captures
    Feature record: CXX_FEATURE:1cxx_local_type_template_args
    Feature record: CXX_FEATURE:1cxx_long_long_type
    Feature record: CXX_FEATURE:1cxx_noexcept
    Feature record: CXX_FEATURE:1cxx_nonstatic_member_init
    Feature record: CXX_FEATURE:1cxx_nullptr
    Feature record: CXX_FEATURE:1cxx_override
    Feature record: CXX_FEATURE:1cxx_range_for
    Feature record: CXX_FEATURE:1cxx_raw_string_literals
    Feature record: CXX_FEATURE:1cxx_reference_qualified_functions
    Feature record: CXX_FEATURE:1cxx_relaxed_constexpr
    Feature record: CXX_FEATURE:1cxx_return_type_deduction
    Feature record: CXX_FEATURE:1cxx_right_angle_brackets
    Feature record: CXX_FEATURE:1cxx_rvalue_references
    Feature record: CXX_FEATURE:1cxx_sizeof_member
    Feature record: CXX_FEATURE:1cxx_static_assert
    Feature record: CXX_FEATURE:1cxx_strong_enums
    Feature record: CXX_FEATURE:1cxx_template_template_parameters
    Feature record: CXX_FEATURE:1cxx_thread_local
    Feature record: CXX_FEATURE:1cxx_trailing_return_types
    Feature record: CXX_FEATURE:1cxx_unicode_literals
    Feature record: CXX_FEATURE:1cxx_uniform_initialization
    Feature record: CXX_FEATURE:1cxx_unrestricted_unions
    Feature record: CXX_FEATURE:1cxx_user_literals
    Feature record: CXX_FEATURE:1cxx_variable_templates
    Feature record: CXX_FEATURE:1cxx_variadic_macros
    Feature record: CXX_FEATURE:1cxx_variadic_templates


Detecting CXX [-std=c++14] compiler features compiled with the following output:
Change Dir: /home/csmajs/msain003/spring-2019-assignment-the-null-terminators/CMakeFiles/CMakeTmp

Run Build Command:"/opt/rh/devtoolset-6/root/usr/bin/gmake" "cmTC_b74eb/fast"
/opt/rh/devtoolset-6/root/usr/bin/gmake -f CMakeFiles/cmTC_b74eb.dir/build.make CMakeFiles/cmTC_b74eb.dir/build
gmake[1]: Entering directory '/home/csmajs/msain003/spring-2019-assignment-the-null-terminators/CMakeFiles/CMakeTmp'
Building CXX object CMakeFiles/cmTC_b74eb.dir/feature_tests.cxx.o
/opt/rh/devtoolset-6/root/usr/bin/c++    -std=c++14 -o CMakeFiles/cmTC_b74eb.dir/feature_tests.cxx.o -c /home/csmajs/msain003/spring-2019-assignment-the-null-terminators/CMakeFiles/feature_tests.cxx
Linking CXX executable cmTC_b74eb
/usr/bin/cmake3 -E cmake_link_script CMakeFiles/cmTC_b74eb.dir/link.txt --verbose=1
/opt/rh/devtoolset-6/root/usr/bin/c++       -rdynamic CMakeFiles/cmTC_b74eb.dir/feature_tests.cxx.o  -o cmTC_b74eb 
gmake[1]: Leaving directory '/home/csmajs/msain003/spring-2019-assignment-the-null-terminators/CMakeFiles/CMakeTmp'


    Feature record: CXX_FEATURE:1cxx_aggregate_default_initializers
    Feature record: CXX_FEATURE:1cxx_alias_templates
    Feature record: CXX_FEATURE:1cxx_alignas
    Feature record: CXX_FEATURE:1cxx_alignof
    Feature record: CXX_FEATURE:1cxx_attributes
    Feature record: CXX_FEATURE:1cxx_attribute_deprecated
    Feature record: CXX_FEATURE:1cxx_auto_type
    Feature record: CXX_FEATURE:1cxx_binary_literals
    Feature record: CXX_FEATURE:1cxx_constexpr
    Feature record: CXX_FEATURE:1cxx_contextual_conversions
    Feature record: CXX_FEATURE:1cxx_decltype
    Feature record: CXX_FEATURE:1cxx_decltype_auto
    Feature record: CXX_FEATURE:1cxx_decltype_incomplete_return_types
    Feature record: CXX_FEATURE:1cxx_default_function_template_args
    Feature record: CXX_FEATURE:1cxx_defaulted_functions
    Feature record: CXX_FEATURE:1cxx_defaulted_move_initializers
    Feature record: CXX_FEATURE:1cxx_delegating_constructors
    Feature record: CXX_FEATURE:1cxx_deleted_functions
    Feature record: CXX_FEATURE:1cxx_digit_separators
    Feature record: CXX_FEATURE:1cxx_enum_forward_declarations
    Feature record: CXX_FEATURE:1cxx_explicit_conversions
    Feature record: CXX_FEATURE:1cxx_extended_friend_declarations
    Feature record: CXX_FEATURE:1cxx_extern_templates
    Feature record: CXX_FEATURE:1cxx_final
    Feature record: CXX_FEATURE:1cxx_func_identifier
    Feature record: CXX_FEATURE:1cxx_generalized_initializers
    Feature record: CXX_FEATURE:1cxx_generic_lambdas
    Feature record: CXX_FEATURE:1cxx_inheriting_constructors
    Feature record: CXX_FEATURE:1cxx_inline_namespaces
    Feature record: CXX_FEATURE:1cxx_lambdas
    Feature record: CXX_FEATURE:1cxx_lambda_init_captures
    Feature record: CXX_FEATURE:1cxx_local_type_template_args
    Feature record: CXX_FEATURE:1cxx_long_long_type
    Feature record: CXX_FEATURE:1cxx_noexcept
    Feature record: CXX_FEATURE:1cxx_nonstatic_member_init
    Feature record: CXX_FEATURE:1cxx_nullptr
    Feature record: CXX_FEATURE:1cxx_override
    Feature record: CXX_FEATURE:1cxx_range_for
    Feature record: CXX_FEATURE:1cxx_raw_string_literals
    Feature record: CXX_FEATURE:1cxx_reference_qualified_functions
    Feature record: CXX_FEATURE:1cxx_relaxed_constexpr
    Feature record: CXX_FEATURE:1cxx_return_type_deduction
    Feature record: CXX_FEATURE:1cxx_right_angle_brackets
    Feature record: CXX_FEATURE:1cxx_rvalue_references
    Feature record: CXX_FEATURE:1cxx_sizeof_member
    Feature record: CXX_FEATURE:1cxx_static_assert
    Feature record: CXX_FEATURE:1cxx_strong_enums
    Feature record: CXX_FEATURE:1cxx_template_template_parameters
    Feature record: CXX_FEATURE:1cxx_thread_local
    Feature record: CXX_FEATURE:1cxx_trailing_return_types
    Feature record: CXX_FEATURE:1cxx_unicode_literals
    Feature record: CXX_FEATURE:1cxx_uniform_initialization
    Feature record: CXX_FEATURE:1cxx_unrestricted_unions
    Feature record: CXX_FEATURE:1cxx_user_literals
    Feature record: CXX_FEATURE:1cxx_variable_templates
    Feature record: CXX_FEATURE:1cxx_variadic_macros
    Feature record: CXX_FEATURE:1cxx_variadic_templates


Detecting CXX [-std=c++11] compiler features compiled with the following output:
Change Dir: /home/csmajs/msain003/spring-2019-assignment-the-null-terminators/CMakeFiles/CMakeTmp

Run Build Command:"/opt/rh/devtoolset-6/root/usr/bin/gmake" "cmTC_5dc36/fast"
/opt/rh/devtoolset-6/root/usr/bin/gmake -f CMakeFiles/cmTC_5dc36.dir/build.make CMakeFiles/cmTC_5dc36.dir/build
gmake[1]: Entering directory '/home/csmajs/msain003/spring-2019-assignment-the-null-terminators/CMakeFiles/CMakeTmp'
Building CXX object CMakeFiles/cmTC_5dc36.dir/feature_tests.cxx.o
/opt/rh/devtoolset-6/root/usr/bin/c++    -std=c++11 -o CMakeFiles/cmTC_5dc36.dir/feature_tests.cxx.o -c /home/csmajs/msain003/spring-2019-assignment-the-null-terminators/CMakeFiles/feature_tests.cxx
Linking CXX executable cmTC_5dc36
/usr/bin/cmake3 -E cmake_link_script CMakeFiles/cmTC_5dc36.dir/link.txt --verbose=1
/opt/rh/devtoolset-6/root/usr/bin/c++       -rdynamic CMakeFiles/cmTC_5dc36.dir/feature_tests.cxx.o  -o cmTC_5dc36 
gmake[1]: Leaving directory '/home/csmajs/msain003/spring-2019-assignment-the-null-terminators/CMakeFiles/CMakeTmp'


    Feature record: CXX_FEATURE:0cxx_aggregate_default_initializers
    Feature record: CXX_FEATURE:1cxx_alias_templates
    Feature record: CXX_FEATURE:1cxx_alignas
    Feature record: CXX_FEATURE:1cxx_alignof
    Feature record: CXX_FEATURE:1cxx_attributes
    Feature record: CXX_FEATURE:0cxx_attribute_deprecated
    Feature record: CXX_FEATURE:1cxx_auto_type
    Feature record: CXX_FEATURE:0cxx_binary_literals
    Feature record: CXX_FEATURE:1cxx_constexpr
    Feature record: CXX_FEATURE:0cxx_contextual_conversions
    Feature record: CXX_FEATURE:1cxx_decltype
    Feature record: CXX_FEATURE:0cxx_decltype_auto
    Feature record: CXX_FEATURE:1cxx_decltype_incomplete_return_types
    Feature record: CXX_FEATURE:1cxx_default_function_template_args
    Feature record: CXX_FEATURE:1cxx_defaulted_functions
    Feature record: CXX_FEATURE:1cxx_defaulted_move_initializers
    Feature record: CXX_FEATURE:1cxx_delegating_constructors
    Feature record: CXX_FEATURE:1cxx_deleted_functions
    Feature record: CXX_FEATURE:0cxx_digit_separators
    Feature record: CXX_FEATURE:1cxx_enum_forward_declarations
    Feature record: CXX_FEATURE:1cxx_explicit_conversions
    Feature record: CXX_FEATURE:1cxx_extended_friend_declarations
    Feature record: CXX_FEATURE:1cxx_extern_templates
    Feature record: CXX_FEATURE:1cxx_final
    Feature record: CXX_FEATURE:1cxx_func_identifier
    Feature record: CXX_FEATURE:1cxx_generalized_initializers
    Feature record: CXX_FEATURE:0cxx_generic_lambdas
    Feature record: CXX_FEATURE:1cxx_inheriting_constructors
    Feature record: CXX_FEATURE:1cxx_inline_namespaces
    Feature record: CXX_FEATURE:1cxx_lambdas
    Feature record: CXX_FEATURE:0cxx_lambda_init_captures
    Feature record: CXX_FEATURE:1cxx_local_type_template_args
    Feature record: CXX_FEATURE:1cxx_long_long_type
    Feature record: CXX_FEATURE:1cxx_noexcept
    Feature record: CXX_FEATURE:1cxx_nonstatic_member_init
    Feature record: CXX_FEATURE:1cxx_nullptr
    Feature record: CXX_FEATURE:1cxx_override
    Feature record: CXX_FEATURE:1cxx_range_for
    Feature record: CXX_FEATURE:1cxx_raw_string_literals
    Feature record: CXX_FEATURE:1cxx_reference_qualified_functions
    Feature record: CXX_FEATURE:0cxx_relaxed_constexpr
    Feature record: CXX_FEATURE:0cxx_return_type_deduction
    Feature record: CXX_FEATURE:1cxx_right_angle_brackets
    Feature record: CXX_FEATURE:1cxx_rvalue_references
    Feature record: CXX_FEATURE:1cxx_sizeof_member
    Feature record: CXX_FEATURE:1cxx_static_assert
    Feature record: CXX_FEATURE:1cxx_strong_enums
    Feature record: CXX_FEATURE:1cxx_template_template_parameters
    Feature record: CXX_FEATURE:1cxx_thread_local
    Feature record: CXX_FEATURE:1cxx_trailing_return_types
    Feature record: CXX_FEATURE:1cxx_unicode_literals
    Feature record: CXX_FEATURE:1cxx_uniform_initialization
    Feature record: CXX_FEATURE:1cxx_unrestricted_unions
    Feature record: CXX_FEATURE:1cxx_user_literals
    Feature record: CXX_FEATURE:0cxx_variable_templates
    Feature record: CXX_FEATURE:1cxx_variadic_macros
    Feature record: CXX_FEATURE:1cxx_variadic_templates


Detecting CXX [-std=c++98] compiler features compiled with the following output:
Change Dir: /home/csmajs/msain003/spring-2019-assignment-the-null-terminators/CMakeFiles/CMakeTmp

Run Build Command:"/opt/rh/devtoolset-6/root/usr/bin/gmake" "cmTC_d7456/fast"
/opt/rh/devtoolset-6/root/usr/bin/gmake -f CMakeFiles/cmTC_d7456.dir/build.make CMakeFiles/cmTC_d7456.dir/build
gmake[1]: Entering directory '/home/csmajs/msain003/spring-2019-assignment-the-null-terminators/CMakeFiles/CMakeTmp'
Building CXX object CMakeFiles/cmTC_d7456.dir/feature_tests.cxx.o
/opt/rh/devtoolset-6/root/usr/bin/c++    -std=c++98 -o CMakeFiles/cmTC_d7456.dir/feature_tests.cxx.o -c /home/csmajs/msain003/spring-2019-assignment-the-null-terminators/CMakeFiles/feature_tests.cxx
Linking CXX executable cmTC_d7456
/usr/bin/cmake3 -E cmake_link_script CMakeFiles/cmTC_d7456.dir/link.txt --verbose=1
/opt/rh/devtoolset-6/root/usr/bin/c++       -rdynamic CMakeFiles/cmTC_d7456.dir/feature_tests.cxx.o  -o cmTC_d7456 
gmake[1]: Leaving directory '/home/csmajs/msain003/spring-2019-assignment-the-null-terminators/CMakeFiles/CMakeTmp'


    Feature record: CXX_FEATURE:0cxx_aggregate_default_initializers
    Feature record: CXX_FEATURE:0cxx_alias_templates
    Feature record: CXX_FEATURE:0cxx_alignas
    Feature record: CXX_FEATURE:0cxx_alignof
    Feature record: CXX_FEATURE:0cxx_attributes
    Feature record: CXX_FEATURE:0cxx_attribute_deprecated
    Feature record: CXX_FEATURE:0cxx_auto_type
    Feature record: CXX_FEATURE:0cxx_binary_literals
    Feature record: CXX_FEATURE:0cxx_constexpr
    Feature record: CXX_FEATURE:0cxx_contextual_conversions
    Feature record: CXX_FEATURE:0cxx_decltype
    Feature record: CXX_FEATURE:0cxx_decltype_auto
    Feature record: CXX_FEATURE:0cxx_decltype_incomplete_return_types
    Feature record: CXX_FEATURE:0cxx_default_function_template_args
    Feature record: CXX_FEATURE:0cxx_defaulted_functions
    Feature record: CXX_FEATURE:0cxx_defaulted_move_initializers
    Feature record: CXX_FEATURE:0cxx_delegating_constructors
    Feature record: CXX_FEATURE:0cxx_deleted_functions
    Feature record: CXX_FEATURE:0cxx_digit_separators
    Feature record: CXX_FEATURE:0cxx_enum_forward_declarations
    Feature record: CXX_FEATURE:0cxx_explicit_conversions
    Feature record: CXX_FEATURE:0cxx_extended_friend_declarations
    Feature record: CXX_FEATURE:0cxx_extern_templates
    Feature record: CXX_FEATURE:0cxx_final
    Feature record: CXX_FEATURE:0cxx_func_identifier
    Feature record: CXX_FEATURE:0cxx_generalized_initializers
    Feature record: CXX_FEATURE:0cxx_generic_lambdas
    Feature record: CXX_FEATURE:0cxx_inheriting_constructors
    Feature record: CXX_FEATURE:0cxx_inline_namespaces
    Feature record: CXX_FEATURE:0cxx_lambdas
    Feature record: CXX_FEATURE:0cxx_lambda_init_captures
    Feature record: CXX_FEATURE:0cxx_local_type_template_args
    Feature record: CXX_FEATURE:0cxx_long_long_type
    Feature record: CXX_FEATURE:0cxx_noexcept
    Feature record: CXX_FEATURE:0cxx_nonstatic_member_init
    Feature record: CXX_FEATURE:0cxx_nullptr
    Feature record: CXX_FEATURE:0cxx_override
    Feature record: CXX_FEATURE:0cxx_range_for
    Feature record: CXX_FEATURE:0cxx_raw_string_literals
    Feature record: CXX_FEATURE:0cxx_reference_qualified_functions
    Feature record: CXX_FEATURE:0cxx_relaxed_constexpr
    Feature record: CXX_FEATURE:0cxx_return_type_deduction
    Feature record: CXX_FEATURE:0cxx_right_angle_brackets
    Feature record: CXX_FEATURE:0cxx_rvalue_references
    Feature record: CXX_FEATURE:0cxx_sizeof_member
    Feature record: CXX_FEATURE:0cxx_static_assert
    Feature record: CXX_FEATURE:0cxx_strong_enums
    Feature record: CXX_FEATURE:1cxx_template_template_parameters
    Feature record: CXX_FEATURE:0cxx_thread_local
    Feature record: CXX_FEATURE:0cxx_trailing_return_types
    Feature record: CXX_FEATURE:0cxx_unicode_literals
    Feature record: CXX_FEATURE:0cxx_uniform_initialization
    Feature record: CXX_FEATURE:0cxx_unrestricted_unions
    Feature record: CXX_FEATURE:0cxx_user_literals
    Feature record: CXX_FEATURE:0cxx_variable_templates
    Feature record: CXX_FEATURE:0cxx_variadic_macros
    Feature record: CXX_FEATURE:0cxx_variadic_templates
Determining if the include file pthread.h exists passed with the following output:
Change Dir: /home/csmajs/msain003/spring-2019-assignment-the-null-terminators/CMakeFiles/CMakeTmp

Run Build Command:"/opt/rh/devtoolset-6/root/usr/bin/gmake" "cmTC_b5d21/fast"
/opt/rh/devtoolset-6/root/usr/bin/gmake -f CMakeFiles/cmTC_b5d21.dir/build.make CMakeFiles/cmTC_b5d21.dir/build
gmake[1]: Entering directory '/home/csmajs/msain003/spring-2019-assignment-the-null-terminators/CMakeFiles/CMakeTmp'
Building C object CMakeFiles/cmTC_b5d21.dir/CheckIncludeFile.c.o
/opt/rh/devtoolset-6/root/usr/bin/cc    -o CMakeFiles/cmTC_b5d21.dir/CheckIncludeFile.c.o   -c /home/csmajs/msain003/spring-2019-assignment-the-null-terminators/CMakeFiles/CMakeTmp/CheckIncludeFile.c
Linking C executable cmTC_b5d21
/usr/bin/cmake3 -E cmake_link_script CMakeFiles/cmTC_b5d21.dir/link.txt --verbose=1
/opt/rh/devtoolset-6/root/usr/bin/cc      -rdynamic CMakeFiles/cmTC_b5d21.dir/CheckIncludeFile.c.o  -o cmTC_b5d21 
gmake[1]: Leaving directory '/home/csmajs/msain003/spring-2019-assignment-the-null-terminators/CMakeFiles/CMakeTmp'


Determining if the function pthread_create exists in the pthread passed with the following output:
Change Dir: /home/csmajs/msain003/spring-2019-assignment-the-null-terminators/CMakeFiles/CMakeTmp

Run Build Command:"/opt/rh/devtoolset-6/root/usr/bin/gmake" "cmTC_575a8/fast"
/opt/rh/devtoolset-6/root/usr/bin/gmake -f CMakeFiles/cmTC_575a8.dir/build.make CMakeFiles/cmTC_575a8.dir/build
gmake[1]: Entering directory '/home/csmajs/msain003/spring-2019-assignment-the-null-terminators/CMakeFiles/CMakeTmp'
Building C object CMakeFiles/cmTC_575a8.dir/CheckFunctionExists.c.o
/opt/rh/devtoolset-6/root/usr/bin/cc   -DCHECK_FUNCTION_EXISTS=pthread_create   -o CMakeFiles/cmTC_575a8.dir/CheckFunctionExists.c.o   -c /usr/share/cmake3/Modules/CheckFunctionExists.c
Linking C executable cmTC_575a8
/usr/bin/cmake3 -E cmake_link_script CMakeFiles/cmTC_575a8.dir/link.txt --verbose=1
/opt/rh/devtoolset-6/root/usr/bin/cc  -DCHECK_FUNCTION_EXISTS=pthread_create    -rdynamic CMakeFiles/cmTC_575a8.dir/CheckFunctionExists.c.o  -o cmTC_575a8 -lpthread 
gmake[1]: Leaving directory '/home/csmajs/msain003/spring-2019-assignment-the-null-terminators/CMakeFiles/CMakeTmp'


The system is: Linux - 3.10.0-1160.15.2.el7.x86_64 - x86_64
Compiling the C compiler identification source file "CMakeCCompilerId.c" succeeded.
Compiler: /opt/rh/devtoolset-6/root/usr/bin/cc 
Build flags: 
Id flags:  

The output was:
0


Compilation of the C compiler identification source "CMakeCCompilerId.c" produced "a.out"

The C compiler identification is GNU, found in "/home/csmajs/msain003/spring-2019-assignment-the-null-terminators/CMakeFiles/3.17.5/CompilerIdC/a.out"

Compiling the CXX compiler identification source file "CMakeCXXCompilerId.cpp" succeeded.
Compiler: /opt/rh/devtoolset-6/root/usr/bin/c++ 
Build flags: 
Id flags:  

The output was:
0


Compilation of the CXX compiler identification source "CMakeCXXCompilerId.cpp" produced "a.out"

The CXX compiler identification is GNU, found in "/home/csmajs/msain003/spring-2019-assignment-the-null-terminators/CMakeFiles/3.17.5/CompilerIdCXX/a.out"

Determining if the C compiler works passed with the following output:
Change Dir: /home/csmajs/msain003/spring-2019-assignment-the-null-terminators/CMakeFiles/CMakeTmp

Run Build Command(s):/opt/rh/devtoolset-6/root/usr/bin/gmake cmTC_9c04b/fast && gmake[1]: Entering directory '/home/csmajs/msain003/spring-2019-assignment-the-null-terminators/CMakeFiles/CMakeTmp'
/opt/rh/devtoolset-6/root/usr/bin/gmake  -f CMakeFiles/cmTC_9c04b.dir/build.make CMakeFiles/cmTC_9c04b.dir/build
gmake[2]: Entering directory '/home/csmajs/msain003/spring-2019-assignment-the-null-terminators/CMakeFiles/CMakeTmp'
Building C object CMakeFiles/cmTC_9c04b.dir/testCCompiler.c.o
/opt/rh/devtoolset-6/root/usr/bin/cc    -o CMakeFiles/cmTC_9c04b.dir/testCCompiler.c.o   -c /home/csmajs/msain003/spring-2019-assignment-the-null-terminators/CMakeFiles/CMakeTmp/testCCompiler.c
Linking C executable cmTC_9c04b
/usr/bin/cmake3 -E cmake_link_script CMakeFiles/cmTC_9c04b.dir/link.txt --verbose=1
/opt/rh/devtoolset-6/root/usr/bin/cc      -rdynamic CMakeFiles/cmTC_9c04b.dir/testCCompiler.c.o  -o cmTC_9c04b 
gmake[2]: Leaving directory '/home/csmajs/msain003/spring-2019-assignment-the-null-terminators/CMakeFiles/CMakeTmp'
gmake[1]: Leaving directory '/home/csmajs/msain003/spring-2019-assignment-the-null-terminators/CMakeFiles/CMakeTmp'



Detecting C compiler ABI info compiled with the following output:
Change Dir: /home/csmajs/msain003/spring-2019-assignment-the-null-terminators/CMakeFiles/CMakeTmp

Run Build Command(s):/opt/rh/devtoolset-6/root/usr/bin/gmake cmTC_1d2f2/fast && gmake[1]: Entering directory '/home/csmajs/msain003/spring-2019-assignment-the-null-terminators/CMakeFiles/CMakeTmp'
/opt/rh/devtoolset-6/root/usr/bin/gmake  -f CMakeFiles/cmTC_1d2f2.dir/build.make CMakeFiles/cmTC_1d2f2.dir/build
gmake[2]: Entering directory '/home/csmajs/msain003/spring-2019-assignment-the-null-terminators/CMakeFiles/CMakeTmp'
Building C object CMakeFiles/cmTC_1d2f2.dir/CMakeCCompilerABI.c.o
/opt/rh/devtoolset-6/root/usr/bin/cc   -v -o CMakeFiles/cmTC_1d2f2.dir/CMakeCCompilerABI.c.o   -c /usr/share/cmake3/Modules/CMakeCCompilerABI.c
Using built-in specs.
COLLECT_GCC=/opt/rh/devtoolset-6/root/usr/bin/cc
Target: x86_64-redhat-linux
Configured with: ../configure --enable-bootstrap --enable-languages=c,c++,fortran,lto --prefix=/opt/rh/devtoolset-6/root/usr --mandir=/opt/rh/devtoolset-6/root/usr/share/man --infodir=/opt/rh/devtoolset-6/root/usr/share/info --with-bugurl=http://bugzilla.redhat.com/bugzilla --enable-shared --enable-threads=posix --enable-checking=release --enable-multilib --with-system-zlib --enable-__cxa_atexit --disable-libunwind-exceptions --enable-gnu-unique-object --enable-linker-build-id --enable-plugin --with-linker-hash-style=gnu --enable-initfini-array --disable-libgcj --with-default-libstdcxx-abi=gcc4-compatible --with-isl=/builddir/build/BUILD/gcc-6.3.1-20170216/obj-x86_64-redhat-linux/isl-install --enable-libmpx --enable-gnu-indirect-function --with-tune=generic --with-arch_32=i686 --build=x86_64-redhat-linux
Thread model: posix
gcc version 6.3.1 20170216 (Red Hat 6.3.1-3) (GCC) 
COLLECT_GCC_OPTIONS='-v' '-o' 'CMakeFiles/cmTC_1d2f2.dir/CMakeCCompilerABI.c.o' '-c' '-mtune=generic' '-march=x86-64'
 /opt/rh/devtoolset-6/root/usr/libexec/gcc/x86_64-redhat-linux/6.3.1/cc1 -quiet -v /usr/share/cmake3/Modules/CMakeCCompilerABI.c -quiet -dumpbase CMakeCCompilerABI.c -mtune=generic -march=x86-64 -auxbase-strip CMakeFiles/cmTC_1d2f2.dir/CMakeCCompilerABI.c.o -version -o /tmp/ccjCHGti.s
GNU C11 (GCC) version 6.3.1 20170216 (Red Hat 6.3.1-3) (x86_64-redhat-linux)
	compiled by GNU C version 6.3.1 20170216 (Red Hat 6.3.1-3), GMP version 6.0.0, MPFR version 3.1.1, MPC version 1.0.1, isl version 0.14 or 0.13
GGC heuristics: --param ggc-min-expand=100 --param ggc-min-heapsize=131072
ignoring nonexistent directory "/opt/rh/devtoolset-6/root/usr/lib/gcc/x86_64-redhat-linux/6.3.1/include-fixed"
ignoring nonexistent directory "/opt/rh/devtoolset-6/root/usr/lib/gcc/x86_64-redhat-linux/6.3.1/../../../../x86_64-redhat-linux/include"
#include "..." search starts here:
#include <...> search starts here:
 /opt/rh/devtoolset-6/root/usr/lib/gcc/x86_64-redhat-linux/6.3.1/include
 /usr/local/include
 /opt/rh/devtoolset-6/root/usr/include
 /usr/include
End of search list.
GNU C11 (GCC) version 6.3.1 20170216 (Red Hat 6.3.1-3) (x86_64-redhat-linux)
	compiled by GNU C version 6.3.1 20170216 (Red Hat 6.3.1-3), GMP version 6.0.0, MPFR version 3.1.1, MPC version 1.0.1, isl version 0.14 or 0.13
GGC heuristics: --param ggc-min-expand=100 --param ggc-min-heapsize=131072
Compiler executable checksum: 18ac54e10fc1f4b39548d3adfa3b2617
COLLECT_GCC_OPTIONS='-v' '-o' 'CMakeFiles/cmTC_1d2f2.dir/CMakeCCompilerABI.c.o' '-c' '-mtune=generic' '-march=x86-64'
 /opt/rh/devtoolset-6/root/usr/libexec/gcc/x86_64-redhat-linux/6.3.1/as -v --64 -o CMakeFiles/cmTC_1d2f2.dir/CMakeCCompilerABI.c.o /tmp/ccjCHGti.s
GNU assembler version 2.27 (x86_64-redhat-linux) using BFD version version 2.27-12.el7.1
COMPILER_PATH=/opt/rh/devtoolset-6/root/usr/libexec/gcc/x86_64-redhat-linux/6.3.1/:/opt/rh/devtoolset-6/root/usr/libexec/gcc/x86_64-redhat-linux/6.3.1/:/opt/rh/devtoolset-6/root/usr/libexec/gcc/x86_64-redhat-linux/:/opt/rh/devtoolset-6/root/usr/lib/gcc/x86_64-redhat-linux/6.3.1/:/opt/rh/devtoolset-6/root/usr/lib/gcc/x86_64-redhat-linux/
LIBRARY_PATH=/opt/rh/devtoolset-6/root/usr/lib/gcc/x86_64-redhat-linux/6.3.1/:/opt/rh/devtoolset-6/root/usr/lib/gcc/x86_64-redhat-linux/6.3.1/../../../../lib64/:/lib/../lib64/:/usr/lib/../lib64/:/opt/rh/devtoolset-6/root/usr/lib/gcc/x86_64-redhat-linux/6.3.1/../../../:/lib/:/usr/lib/
COLLECT_GCC_OPTIONS='-v' '-o' 'CMakeFiles/cmTC_1d2f2.dir/CMakeCCompilerABI.c.o' '-c' '-mtune=generic' '-march=x86-64'
Linking C executable cmTC_1d2f2
/usr/bin/cmake3 -E cmake_link_script CMakeFiles/cmTC_1d2f2.dir/link.txt --verbose=1
/opt/rh/devtoolset-6/root/usr/bin/cc     -v -rdynamic CMakeFiles/cmTC_1d2f2.dir/CMakeCCompilerABI.c.o  -o cmTC_1d2f2 
Using built-in specs.
COLLECT_GCC=/opt/rh/devtoolset-6/root/usr/bin/cc
COLLECT_LTO_WRAPPER=/opt/rh/devtoolset-6/root/usr/libexec/gcc/x86_64-redhat-linux/6.3.1/lto-wrapper
Target: x86_64-redhat-linux
Configured with: ../configure --enable-bootstrap --enable-languages=c,c++,fortran,lto --prefix=/opt/rh/devtoolset-6/root/usr --mandir=/opt/rh/devtoolset-6/root/usr/share/man --infodir=/opt/rh/devtoolset-6/root/usr/share/info --with-bugurl=http://bugzilla.redhat.com/bugzilla --enable-shared --enable-threads=posix --enable-checking=release --enable-multilib --with-system-zlib --enable-__cxa_atexit --disable-libunwind-exceptions --enable-gnu-unique-object --enable-linker-build-id --enable-plugin --with-linker-hash-style=gnu --enable-initfini-array --disable-libgcj --with-default-libstdcxx-abi=gcc4-compatible --with-isl=/builddir/build/BUILD/gcc-6.3.1-20170216/obj-x86_64-redhat-linux/isl-install --enable-libmpx --enable-gnu-indirect-function --with-tune=generic --with-arch_32=i686 --build=x86_64-redhat-linux
Thread model: posix
gcc version 6.3.1 20170216 (Red Hat 6.3.1-3) (GCC) 
COMPILER_PATH=/opt/rh/devtoolset-6/root/usr/libexec/gcc/x86_64-redhat-linux/6.3.1/:/opt/rh/devtoolset-6/root/usr/libexec/gcc/x86_64-redhat-linux/6.3.1/:/opt/rh/devtoolset-6/root/usr/libexec/gcc/x86_64-redhat-linux/:/opt/rh/devtoolset-6/root/usr/lib/gcc/x86_64-redhat-linux/6.3.1/:/opt/rh/devtoolset-6/root/usr/lib/gcc/x86_64-redhat-linux/
LIBRARY_PATH=/opt/rh/devtoolset-6/root/usr/lib/gcc/x86_64-redhat-linux/6.3.1/:/opt/rh/devtoolset-6/root/usr/lib/gcc/x86_64-redhat-linux/6.3.1/../../../../lib64/:/lib/../lib64/:/usr/lib/../lib64/:/opt/rh/devtoolset-6/root/usr/lib/gcc/x86_64-redhat-linux/6.3.1/../../../:/lib/:/usr/lib/
COLLECT_GCC_OPTIONS='-v' '-rdynamic' '-o' 'cmTC_1d2f2' '-mtune=generic' '-march=x86-64'
 /opt/rh/devtoolset-6/root/usr/libexec/gcc/x86_64-redhat-linux/6.3.1/collect2 -plugin /opt/rh/devtoolset-6/root/usr/libexec/gcc/x86_64-redhat-linux/6.3.1/liblto_plugin.so -plugin-opt=/opt/rh/devtoolset-6/root/usr/libexec/gcc/x86_64-redhat-linux/6.3.1/lto-wrapper -plugin-opt=-fresolution=/tmp/cc9VmEPn.res -plugin-opt=-pass-through=-lgcc -plugin-opt=-pass-through=-lgcc_s -plugin-opt=-pass-through=-lc -plugin-opt=-pass-through=-lgcc -plugin-opt=-pass-through=-lgcc_s --build-id --no-add-needed --eh-frame-hdr --hash-style=gnu -m elf_x86_64 -export-dynamic -dynamic-linker /lib64/ld-linux-x86-64.so.2 -o cmTC_1d2f2 /lib/../lib64/crt1.o /lib/../lib64/crti.o /opt/rh/devtoolset-6/root/usr/lib/gcc/x86_64-redhat-linux/6.3.1/crtbegin.o -L/opt/rh/devtoolset-6/root/usr/lib/gcc/x86_64-redhat-linux/6.3.1 -L/opt/rh/devtoolset-6/root/usr/lib/gcc/x86_64-redhat-linux/6.3.1/../../../../lib64 -L/lib/../lib64 -L/usr/lib/../lib64 -L/opt/rh/devtoolset-6/root/usr/lib/gcc/x86_64-redhat-linux/6.3.1/../../.. CMakeFiles/cmTC_1d2f2.dir/CMakeCCompilerABI.c.o -lgcc --as-needed -lgcc_s --no-as-needed -lc -lgcc --as-needed -lgcc_s --no-as-needed /opt/rh/devtoolset-6/root/usr/lib/gcc/x86_64-redhat-linux/6.3.1/crtend.o /lib/../lib64/crtn.o
COLLECT_GCC_OPTIONS='-v' '-rdynamic' '-o' 'cmTC_1d2f2' '-mtune=generic' '-march=x86-64'
gmake[2]: Leaving directory '/home/csmajs/msain003/spring-2019-assignment-the-null-terminators/CMakeFiles/CMakeTmp'
gmake[1]: Leaving directory '/home/csmajs/msain003/spring-2019-assignment-the-null-terminators/CMakeFiles/CMakeTmp'



Parsed C implicit include dir info from above output: rv=done
  found start of include info
  found start of implicit include info
    add: [/opt/rh/devtoolset-6/root/usr/lib/gcc/x86_64-redhat-linux/6.3.1/include]
    add: [/usr/local/include]
    add: [/opt/rh/devtoolset-6/root/usr/include]
    add: [/usr/include]
  end of search list found
  collapse include dir [/opt/rh/devtoolset-6/root/usr/lib/gcc/x86_64-redhat-linux/6.3.1/include] ==> [/opt/rh/devtoolset-6/root/usr/lib/gcc/x86_64-redhat-linux/6.3.1/include]
  collapse include dir [/usr/local/include] ==> [/usr/local/include]
  collapse include dir [/opt/rh/devtoolset-6/root/usr/include] ==> [/opt/rh/devtoolset-6/root/usr/include]
  collapse include dir [/usr/include] ==> [/usr/include]
  implicit include dirs: [/opt/rh/devtoolset-6/root/usr/lib/gcc/x86_64-redhat-linux/6.3.1/include;/usr/local/include;/opt/rh/devtoolset-6/root/usr/include;/usr/include]


Parsed C implicit link information from above output:
  link line regex: [^( *|.*[/\])(ld|CMAKE_LINK_STARTFILE-NOTFOUND|([^/\]+-)?ld|collect2)[^/\]*( |$)]
  ignore line: [Change Dir: /home/csmajs/msain003/spring-2019-assignment-the-null-terminators/CMakeFiles/CMakeTmp]
  ignore line: []
  ignore line: [Run Build Command(s):/opt/rh/devtoolset-6/root/usr/bin/gmake cmTC_1d2f2/fast && gmake[1]: Entering directory '/home/csmajs/msain003/spring-2019-assignment-the-null-terminators/CMakeFiles/CMakeTmp']
  ignore line: [/opt/rh/devtoolset-6/root/usr/bin/gmake  -f CMakeFiles/cmTC_1d2f2.dir/build.make CMakeFiles/cmTC_1d2f2.dir/build]
  ignore line: [gmake[2]: Entering directory '/home/csmajs/msain003/spring-2019-assignment-the-null-terminators/CMakeFiles/CMakeTmp']
  ignore line: [Building C object CMakeFiles/cmTC_1d2f2.dir/CMakeCCompilerABI.c.o]
  ignore line: [/opt/rh/devtoolset-6/root/usr/bin/cc   -v -o CMakeFiles/cmTC_1d2f2.dir/CMakeCCompilerABI.c.o   -c /usr/share/cmake3/Modules/CMakeCCompilerABI.c]
  ignore line: [Using built-in specs.]
  ignore line: [COLLECT_GCC=/opt/rh/devtoolset-6/root/usr/bin/cc]
  ignore line: [Target: x86_64-redhat-linux]
  ignore line: [Configured with: ../configure --enable-bootstrap --enable-languages=c c++ fortran lto --prefix=/opt/rh/devtoolset-6/root/usr --mandir=/opt/rh/devtoolset-6/root/usr/share/man --infodir=/opt/rh/devtoolset-6/root/usr/share/info --with-bugurl=http://bugzilla.redhat.com/bugzilla --enable-shared --enable-threads=posix --enable-checking=release --enable-multilib --with-system-zlib --enable-__cxa_atexit --disable-libunwind-exceptions --enable-gnu-unique-object --enable-linker-build-id --enable-plugin --with-linker-hash-style=gnu --enable-initfini-array --disable-libgcj --with-default-libstdcxx-abi=gcc4-compatible --with-isl=/builddir/build/BUILD/gcc-6.3.1-20170216/obj-x86_64-redhat-linux/isl-install --enable-libmpx --enable-gnu-indirect-function --with-tune=generic --with-arch_32=i686 --build=x86_64-redhat-linux]
  ignore line: [Thread model: posix]
  ignore line: [gcc version 6.3.1 20170216 (Red Hat 6.3.1-3) (GCC) ]
  ignore line: [COLLECT_GCC_OPTIONS='-v' '-o' 'CMakeFiles/cmTC_1d2f2.dir/CMakeCCompilerABI.c.o' '-c' '-mtune=generic' '-march=x86-64']
  ignore line: [ /opt/rh/devtoolset-6/root/usr/libexec/gcc/x86_64-redhat-linux/6.3.1/cc1 -quiet -v /usr/share/cmake3/Modules/CMakeCCompilerABI.c -quiet -dumpbase CMakeCCompilerABI.c -mtune=generic -march=x86-64 -auxbase-strip CMakeFiles/cmTC_1d2f2.dir/CMakeCCompilerABI.c.o -version -o /tmp/ccjCHGti.s]
  ignore line: [GNU C11 (GCC) version 6.3.1 20170216 (Red Hat 6.3.1-3) (x86_64-redhat-linux)]
  ignore line: [	compiled by GNU C version 6.3.1 20170216 (Red Hat 6.3.1-3)  GMP version 6.0.0  MPFR version 3.1.1  MPC version 1.0.1  isl version 0.14 or 0.13]
  ignore line: [GGC heuristics: --param ggc-min-expand=100 --param ggc-min-heapsize=131072]
  ignore line: [ignoring nonexistent directory "/opt/rh/devtoolset-6/root/usr/lib/gcc/x86_64-redhat-linux/6.3.1/include-fixed"]
  ignore line: [ignoring nonexistent directory "/opt/rh/devtoolset-6/root/usr/lib/gcc/x86_64-redhat-linux/6.3.1/../../../../x86_64-redhat-linux/include"]
  ignore line: [#include "..." search starts here:]
  ignore line: [#include <...> search starts here:]
  ignore line: [ /opt/rh/devtoolset-6/root/usr/lib/gcc/x86_64-redhat-linux/6.3.1/include]
  ignore line: [ /usr/local/include]
  ignore line: [ /opt/rh/devtoolset-6/root/usr/include]
  ignore line: [ /usr/include]
  ignore line: [End of search list.]
  ignore line: [GNU C11 (GCC) version 6.3.1 20170216 (Red Hat 6.3.1-3) (x86_64-redhat-linux)]
  ignore line: [	compiled by GNU C version 6.3.1 20170216 (Red Hat 6.3.1-3)  GMP version 6.0.0  MPFR version 3.1.1  MPC version 1.0.1  isl version 0.14 or 0.13]
  ignore line: [GGC heuristics: --param ggc-min-expand=100 --param ggc-min-heapsize=131072]
  ignore line: [Compiler executable checksum: 18ac54e10fc1f4b39548d3adfa3b2617]
  ignore line: [COLLECT_GCC_OPTIONS='-v' '-o' 'CMakeFiles/cmTC_1d2f2.dir/CMakeCCompilerABI.c.o' '-c' '-mtune=generic' '-march=x86-64']
  ignore line: [ /opt/rh/devtoolset-6/root/usr/libexec/gcc/x86_64-redhat-linux/6.3.1/as -v --64 -o CMakeFiles/cmTC_1d2f2.dir/CMakeCCompilerABI.c.o /tmp/ccjCHGti.s]
  ignore line: [GNU assembler version 2.27 (x86_64-redhat-linux) using BFD version version 2.27-12.el7.1]
  ignore line: [COMPILER_PATH=/opt/rh/devtoolset-6/root/usr/libexec/gcc/x86_64-redhat-linux/6.3.1/:/opt/rh/devtoolset-6/root/usr/libexec/gcc/x86_64-redhat-linux/6.3.1/:/opt/rh/devtoolset-6/root/usr/libexec/gcc/x86_64-redhat-linux/:/opt/rh/devtoolset-6/root/usr/lib/gcc/x86_64-redhat-linux/6.3.1/:/opt/rh/devtoolset-6/root/usr/lib/gcc/x86_64-redhat-linux/]
  ignore line: [LIBRARY_PATH=/opt/rh/devtoolset-6/root/usr/lib/gcc/x86_64-redhat-linux/6.3.1/:/opt/rh/devtoolset-6/root/usr/lib/gcc/x86_64-redhat-linux/6.3.1/../../../../lib64/:/lib/../lib64/:/usr/lib/../lib64/:/opt/rh/devtoolset-6/root/usr/lib/gcc/x86_64-redhat-linux/6.3.1/../../../:/lib/:/usr/lib/]
  ignore line: [COLLECT_GCC_OPTIONS='-v' '-o' 'CMakeFiles/cmTC_1d2f2.dir/CMakeCCompilerABI.c.o' '-c' '-mtune=generic' '-march=x86-64']
  ignore line: [Linking C executable cmTC_1d2f2]
  ignore line: [/usr/bin/cmake3 -E cmake_link_script CMakeFiles/cmTC_1d2f2.dir/link.txt --verbose=1]
  ignore line: [/opt/rh/devtoolset-6/root/usr/bin/cc     -v -rdynamic CMakeFiles/cmTC_1d2f2.dir/CMakeCCompilerABI.c.o  -o cmTC_1d2f2 ]
  ignore line: [Using built-in specs.]
  ignore line: [COLLECT_GCC=/opt/rh/devtoolset-6/root/usr/bin/cc]
  ignore line: [COLLECT_LTO_WRAPPER=/opt/rh/devtoolset-6/root/usr/libexec/gcc/x86_64-redhat-linux/6.3.1/lto-wrapper]
  ignore line: [Target: x86_64-redhat-linux]
  ignore line: [Configured with: ../configure --enable-bootstrap --enable-languages=c c++ fortran lto --prefix=/opt/rh/devtoolset-6/root/usr --mandir=/opt/rh/devtoolset-6/root/usr/share/man --infodir=/opt/rh/devtoolset-6/root/usr/share/info --with-bugurl=http://bugzilla.redhat.com/bugzilla --enable-shared --enable-threads=posix --enable-checking=release --enable-multilib --with-system-zlib --enable-__cxa_atexit --disable-libunwind-exceptions --enable-gnu-unique-object --enable-linker-build-id --enable-plugin --with-linker-hash-style=gnu --enable-initfini-array --disable-libgcj --with-default-libstdcxx-abi=gcc4-compatible --with-isl=/builddir/build/BUILD/gcc-6.3.1-20170216/obj-x86_64-redhat-linux/isl-install --enable-libmpx --enable-gnu-indirect-function --with-tune=generic --with-arch_32=i686 --build=x86_64-redhat-linux]
  ignore line: [Thread model: posix]
  ignore line: [gcc version 6.3.1 20170216 (Red Hat 6.3.1-3) (GCC) ]
  ignore line: [COMPILER_PATH=/opt/rh/devtoolset-6/root/usr/libexec/gcc/x86_64-redhat-linux/6.3.1/:/opt/rh/devtoolset-6/root/usr/libexec/gcc/x86_64-redhat-linux/6.3.1/:/opt/rh/devtoolset-6/root/usr/libexec/gcc/x86_64-redhat-linux/:/opt/rh/devtoolset-6/root/usr/lib/gcc/x86_64-redhat-linux/6.3.1/:/opt/rh/devtoolset-6/root/usr/lib/gcc/x86_64-redhat-linux/]
  ignore line: [LIBRARY_PATH=/opt/rh/devtoolset-6/root/usr/lib/gcc/x86_64-redhat-linux/6.3.1/:/opt/rh/devtoolset-6/root/usr/lib/gcc/x86_64-redhat-linux/6.3.1/../../../../lib64/:/lib/../lib64/:/usr/lib/../lib64/:/opt/rh/devtoolset-6/root/usr/lib/gcc/x86_64-redhat-linux/6.3.1/../../../:/lib/:/usr/lib/]
  ignore line: [COLLECT_GCC_OPTIONS='-v' '-rdynamic' '-o' 'cmTC_1d2f2' '-mtune=generic' '-march=x86-64']
  link line: [ /opt/rh/devtoolset-6/root/usr/libexec/gcc/x86_64-redhat-linux/6.3.1/collect2 -plugin /opt/rh/devtoolset-6/root/usr/libexec/gcc/x86_64-redhat-linux/6.3.1/liblto_plugin.so -plugin-opt=/opt/rh/devtoolset-6/root/usr/libexec/gcc/x86_64-redhat-linux/6.3.1/lto-wrapper -plugin-opt=-fresolution=/tmp/cc9VmEPn.res -plugin-opt=-pass-through=-lgcc -plugin-opt=-pass-through=-lgcc_s -plugin-opt=-pass-through=-lc -plugin-opt=-pass-through=-lgcc -plugin-opt=-pass-through=-lgcc_s --build-id --no-add-needed --eh-frame-hdr --hash-style=gnu -m elf_x86_64 -export-dynamic -dynamic-linker /lib64/ld-linux-x86-64.so.2 -o cmTC_1d2f2 /lib/../lib64/crt1.o /lib/../lib64/crti.o /opt/rh/devtoolset-6/root/usr/lib/gcc/x86_64-redhat-linux/6.3.1/crtbegin.o -L/opt/rh/devtoolset-6/root/usr/lib/gcc/x86_64-redhat-linux/6.3.1 -L/opt/rh/devtoolset-6/root/usr/lib/gcc/x86_64-redhat-linux/6.3.1/../../../../lib64 -L/lib/../lib64 -L/usr/lib/../lib64 -L/opt/rh/devtoolset-6/root/usr/lib/gcc/x86_64-redhat-linux/6.3.1/../../.. CMakeFiles/cmTC_1d2f2.dir/CMakeCCompilerABI.c.o -lgcc --as-needed -lgcc_s --no-as-needed -lc -lgcc --as-needed -lgcc_s --no-as-needed /opt/rh/devtoolset-6/root/usr/lib/gcc/x86_64-redhat-linux/6.3.1/crtend.o /lib/../lib64/crtn.o]
    arg [/opt/rh/devtoolset-6/root/usr/libexec/gcc/x86_64-redhat-linux/6.3.1/collect2] ==> ignore
    arg [-plugin] ==> ignore
    arg [/opt/rh/devtoolset-6/root/usr/libexec/gcc/x86_64-redhat-linux/6.3.1/liblto_plugin.so] ==> ignore
    arg [-plugin-opt=/opt/rh/devtoolset-6/root/usr/libexec/gcc/x86_64-redhat-linux/6.3.1/lto-wrapper] ==> ignore
    arg [-plugin-opt=-fresolution=/tmp/cc9VmEPn.res] ==> ignore
    arg [-plugin-opt=-pass-through=-lgcc] ==> ignore
    arg [-plugin-opt=-pass-through=-lgcc_s] ==> ignore
    arg [-plugin-opt=-pass-through=-lc] ==> ignore
    arg [-plugin-opt=-pass-through=-lgcc] ==> ignore
    arg [-plugin-opt=-pass-through=-lgcc_s] ==> ignore
    arg [--build-id] ==> ignore
    arg [--no-add-needed] ==> ignore
    arg [--eh-frame-hdr] ==> ignore
    arg [--hash-style=gnu] ==> ignore
    arg [-m] ==> ignore
    arg [elf_x86_64] ==> ignore
    arg [-export-dynamic] ==> ignore
    arg [-dynamic-linker] ==> ignore
    arg [/lib64/ld-linux-x86-64.so.2] ==> ignore
    arg [-o] ==> ignore
    arg [cmTC_1d2f2] ==> ignore
    arg [/lib/../lib64/crt1.o] ==> ignore
    arg [/lib/../lib64/crti.o] ==> ignore
    arg [/opt/rh/devtoolset-6/root/usr/lib/gcc/x86_64-redhat-linux/6.3.1/crtbegin.o] ==> ignore
    arg [-L/opt/rh/devtoolset-6/root/usr/lib/gcc/x86_64-redhat-linux/6.3.1] ==> dir [/opt/rh/devtoolset-6/root/usr/lib/gcc/x86_64-redhat-linux/6.3.1]
    arg [-L/opt/rh/devtoolset-6/root/usr/lib/gcc/x86_64-redhat-linux/6.3.1/../../../../lib64] ==> dir [/opt/rh/devtoolset-6/root/usr/lib/gcc/x86_64-redhat-linux/6.3.1/../../../../lib64]
    arg [-L/lib/../lib64] ==> dir [/lib/../lib64]
    arg [-L/usr/lib/../lib64] ==> dir [/usr/lib/../lib64]
    arg [-L/opt/rh/devtoolset-6/root/usr/lib/gcc/x86_64-redhat-linux/6.3.1/../../..] ==> dir [/opt/rh/devtoolset-6/root/usr/lib/gcc/x86_64-redhat-linux/6.3.1/../../..]
    arg [CMakeFiles/cmTC_1d2f2.dir/CMakeCCompilerABI.c.o] ==> ignore
    arg [-lgcc] ==> lib [gcc]
    arg [--as-needed] ==> ignore
    arg [-lgcc_s] ==> lib [gcc_s]
    arg [--no-as-needed] ==> ignore
    arg [-lc] ==> lib [c]
    arg [-lgcc] ==> lib [gcc]
    arg [--as-needed] ==> ignore
    arg [-lgcc_s] ==> lib [gcc_s]
    arg [--no-as-needed] ==> ignore
    arg [/opt/rh/devtoolset-6/root/usr/lib/gcc/x86_64-redhat-linux/6.3.1/crtend.o] ==> ignore
    arg [/lib/../lib64/crtn.o] ==> ignore
  collapse library dir [/opt/rh/devtoolset-6/root/usr/lib/gcc/x86_64-redhat-linux/6.3.1] ==> [/opt/rh/devtoolset-6/root/usr/lib/gcc/x86_64-redhat-linux/6.3.1]
  collapse library dir [/opt/rh/devtoolset-6/root/usr/lib/gcc/x86_64-redhat-linux/6.3.1/../../../../lib64] ==> [/opt/rh/devtoolset-6/root/usr/lib64]
  collapse library dir [/lib/../lib64] ==> [/lib64]
  collapse library dir [/usr/lib/../lib64] ==> [/usr/lib64]
  collapse library dir [/opt/rh/devtoolset-6/root/usr/lib/gcc/x86_64-redhat-linux/6.3.1/../../..] ==> [/opt/rh/devtoolset-6/root/usr/lib]
  implicit libs: [gcc;gcc_s;c;gcc;gcc_s]
  implicit dirs: [/opt/rh/devtoolset-6/root/usr/lib/gcc/x86_64-redhat-linux/6.3.1;/opt/rh/devtoolset-6/root/usr/lib64;/lib64;/usr/lib64;/opt/rh/devtoolset-6/root/usr/lib]
  implicit fwks: []


Determining if the CXX compiler works passed with the following output:
Change Dir: /home/csmajs/msain003/spring-2019-assignment-the-null-terminators/CMakeFiles/CMakeTmp

Run Build Command(s):/opt/rh/devtoolset-6/root/usr/bin/gmake cmTC_82cee/fast && gmake[1]: Entering directory '/home/csmajs/msain003/spring-2019-assignment-the-null-terminators/CMakeFiles/CMakeTmp'
/opt/rh/devtoolset-6/root/usr/bin/gmake  -f CMakeFiles/cmTC_82cee.dir/build.make CMakeFiles/cmTC_82cee.dir/build
gmake[2]: Entering directory '/home/csmajs/msain003/spring-2019-assignment-the-null-terminators/CMakeFiles/CMakeTmp'
Building CXX object CMakeFiles/cmTC_82cee.dir/testCXXCompiler.cxx.o
/opt/rh/devtoolset-6/root/usr/bin/c++     -o CMakeFiles/cmTC_82cee.dir/testCXXCompiler.cxx.o -c /home/csmajs/msain003/spring-2019-assignment-the-null-terminators/CMakeFiles/CMakeTmp/testCXXCompiler.cxx
Linking CXX executable cmTC_82cee
/usr/bin/cmake3 -E cmake_link_script CMakeFiles/cmTC_82cee.dir/link.txt --verbose=1
/opt/rh/devtoolset-6/root/usr/bin/c++       -rdynamic CMakeFiles/cmTC_82cee.dir/testCXXCompiler.cxx.o  -o cmTC_82cee 
gmake[2]: Leaving directory '/home/csmajs/msain003/spring-2019-assignment-the-null-terminators/CMakeFiles/CMakeTmp'
gmake[1]: Leaving directory '/home/csmajs/msain003/spring-2019-assignment-the-null-terminators/CMakeFiles/CMakeTmp'



Detecting CXX compiler ABI info compiled with the following output:
Change Dir: /home/csmajs/msain003/spring-2019-assignment-the-null-terminators/CMakeFiles/CMakeTmp

Run Build Command(s):/opt/rh/devtoolset-6/root/usr/bin/gmake cmTC_64c06/fast && gmake[1]: Entering directory '/home/csmajs/msain003/spring-2019-assignment-the-null-terminators/CMakeFiles/CMakeTmp'
/opt/rh/devtoolset-6/root/usr/bin/gmake  -f CMakeFiles/cmTC_64c06.dir/build.make CMakeFiles/cmTC_64c06.dir/build
gmake[2]: Entering directory '/home/csmajs/msain003/spring-2019-assignment-the-null-terminators/CMakeFiles/CMakeTmp'
Building CXX object CMakeFiles/cmTC_64c06.dir/CMakeCXXCompilerABI.cpp.o
/opt/rh/devtoolset-6/root/usr/bin/c++    -v -o CMakeFiles/cmTC_64c06.dir/CMakeCXXCompilerABI.cpp.o -c /usr/share/cmake3/Modules/CMakeCXXCompilerABI.cpp
Using built-in specs.
COLLECT_GCC=/opt/rh/devtoolset-6/root/usr/bin/c++
Target: x86_64-redhat-linux
Configured with: ../configure --enable-bootstrap --enable-languages=c,c++,fortran,lto --prefix=/opt/rh/devtoolset-6/root/usr --mandir=/opt/rh/devtoolset-6/root/usr/share/man --infodir=/opt/rh/devtoolset-6/root/usr/share/info --with-bugurl=http://bugzilla.redhat.com/bugzilla --enable-shared --enable-threads=posix --enable-checking=release --enable-multilib --with-system-zlib --enable-__cxa_atexit --disable-libunwind-exceptions --enable-gnu-unique-object --enable-linker-build-id --enable-plugin --with-linker-hash-style=gnu --enable-initfini-array --disable-libgcj --with-default-libstdcxx-abi=gcc4-compatible --with-isl=/builddir/build/BUILD/gcc-6.3.1-20170216/obj-x86_64-redhat-linux/isl-install --enable-libmpx --enable-gnu-indirect-function --with-tune=generic --with-arch_32=i686 --build=x86_64-redhat-linux
Thread model: posix
gcc version 6.3.1 20170216 (Red Hat 6.3.1-3) (GCC) 
COLLECT_GCC_OPTIONS='-v' '-o' 'CMakeFiles/cmTC_64c06.dir/CMakeCXXCompilerABI.cpp.o' '-c' '-shared-libgcc' '-mtune=generic' '-march=x86-64'
 /opt/rh/devtoolset-6/root/usr/libexec/gcc/x86_64-redhat-linux/6.3.1/cc1plus -quiet -v -D_GNU_SOURCE /usr/share/cmake3/Modules/CMakeCXXCompilerABI.cpp -quiet -dumpbase CMakeCXXCompilerABI.cpp -mtune=generic -march=x86-64 -auxbase-strip CMakeFiles/cmTC_64c06.dir/CMakeCXXCompilerABI.cpp.o -version -o /tmp/ccd7ZXRJ.s
GNU C++14 (GCC) version 6.3.1 20170216 (Red Hat 6.3.1-3) (x86_64-redhat-linux)
	compiled by GNU C version 6.3.1 20170216 (Red Hat 6.3.1-3), GMP version 6.0.0, MPFR version 3.1.1, MPC version 1.0.1, isl version 0.14 or 0.13
GGC heuristics: --param ggc-min-expand=100 --param ggc-min-heapsize=131072
ignoring nonexistent directory "/opt/rh/devtoolset-6/root/usr/lib/gcc/x86_64-redhat-linux/6.3.1/include-fixed"
ignoring nonexistent directory "/opt/rh/devtoolset-6/root/usr/lib/gcc/x86_64-redhat-linux/6.3.1/../../../../x86_64-redhat-linux/include"
#include "..." search starts here:
#include <...> search starts here:
 /opt/rh/devtoolset-6/root/usr/lib/gcc/x86_64-redhat-linux/6.3.1/../../../../include/c++/6.3.1
 /opt/rh/devtoolset-6/root/usr/lib/gcc/x86_64-redhat-linux/6.3.1/../../../../include/c++/6.3.1/x86_64-redhat-linux
 /opt/rh/devtoolset-6/root/usr/lib/gcc/x86_64-redhat-linux/6.3.1/../../../../include/c++/6.3.1/backward
 /opt/rh/devtoolset-6/root/usr/lib/gcc/x86_64-redhat-linux/6.3.1/include
 /usr/local/include
 /opt/rh/devtoolset-6/root/usr/include
 /usr/include
End of search list.
GNU C++14 (GCC) version 6.3.1 20170216 (Red Hat 6.3.1-3) (x86_64-redhat-linux)
	compiled by GNU C version 6.3.1 20170216 (Red Hat 6.3.1-3), GMP version 6.0.0, MPFR version 3.1.1, MPC version 1.0.1, isl version 0.14 or 0.13
GGC heuristics: --param ggc-min-expand=100 --param ggc-min-heapsize=131072
Compiler executable checksum: a68b63195c158323cd63fe518b04b091
COLLECT_GCC_OPTIONS='-v' '-o' 'CMakeFiles/cmTC_64c06.dir/CMakeCXXCompilerABI.cpp.o' '-c' '-shared-libgcc' '-mtune=generic' '-march=x86-64'
 /opt/rh/devtoolset-6/root/usr/libexec/gcc/x86_64-redhat-linux/6.3.1/as -v --64 -o CMakeFiles/cmTC_64c06.dir/CMakeCXXCompilerABI.cpp.o /tmp/ccd7ZXRJ.s
GNU assembler version 2.27 (x86_64-redhat-linux) using BFD version version 2.27-12.el7.1
COMPILER_PATH=/opt/rh/devtoolset-6/root/usr/libexec/gcc/x86_64-redhat-linux/6.3.1/:/opt/rh/devtoolset-6/root/usr/libexec/gcc/x86_64-redhat-linux/6.3.1/:/opt/rh/devtoolset-6/root/usr/libexec/gcc/x86_64-redhat-linux/:/opt/rh/devtoolset-6/root/usr/lib/gcc/x86_64-redhat-linux/6.3.1/:/opt/rh/devtoolset-6/root/usr/lib/gcc/x86_64-redhat-linux/
LIBRARY_PATH=/opt/rh/devtoolset-6/root/usr/lib/gcc/x86_64-redhat-linux/6.3.1/:/opt/rh/devtoolset-6/root/usr/lib/gcc/x86_64-redhat-linux/6.3.1/../../../../lib64/:/lib/../lib64/:/usr/lib/../lib64/:/opt/rh/devtoolset-6/root/usr/lib/gcc/x86_64-redhat-linux/6.3.1/../../../:/lib/:/usr/lib/
COLLECT_GCC_OPTIONS='-v' '-o' 'CMakeFiles/cmTC_64c06.dir/CMakeCXXCompilerABI.cpp.o' '-c' '-shared-libgcc' '-mtune=generic' '-march=x86-64'
Linking CXX executable cmTC_64c06
/usr/bin/cmake3 -E cmake_link_script CMakeFiles/cmTC_64c06.dir/link.txt --verbose=1
/opt/rh/devtoolset-6/root/usr/bin/c++      -v -rdynamic CMakeFiles/cmTC_64c06.dir/CMakeCXXCompilerABI.cpp.o  -o cmTC_64c06 
Using built-in specs.
COLLECT_GCC=/opt/rh/devtoolset-6/root/usr/bin/c++
COLLECT_LTO_WRAPPER=/opt/rh/devtoolset-6/root/usr/libexec/gcc/x86_64-redhat-linux/6.3.1/lto-wrapper
Target: x86_64-redhat-linux
Configured with: ../configure --enable-bootstrap --enable-languages=c,c++,fortran,lto --prefix=/opt/rh/devtoolset-6/root/usr --mandir=/opt/rh/devtoolset-6/root/usr/share/man --infodir=/opt/rh/devtoolset-6/root/usr/share/info --with-bugurl=http://bugzilla.redhat.com/bugzilla --enable-shared --enable-threads=posix --enable-checking=release --enable-multilib --with-system-zlib --enable-__cxa_atexit --disable-libunwind-exceptions --enable-gnu-unique-object --enable-linker-build-id --enable-plugin --with-linker-hash-style=gnu --enable-initfini-array --disable-libgcj --with-default-libstdcxx-abi=gcc4-compatible --with-isl=/builddir/build/BUILD/gcc-6.3.1-20170216/obj-x86_64-redhat-linux/isl-install --enable-libmpx --enable-gnu-indirect-function --with-tune=generic --with-arch_32=i686 --build=x86_64-redhat-linux
Thread model: posix
gcc version 6.3.1 20170216 (Red Hat 6.3.1-3) (GCC) 
COMPILER_PATH=/opt/rh/devtoolset-6/root/usr/libexec/gcc/x86_64-redhat-linux/6.3.1/:/opt/rh/devtoolset-6/root/usr/libexec/gcc/x86_64-redhat-linux/6.3.1/:/opt/rh/devtoolset-6/root/usr/libexec/gcc/x86_64-redhat-linux/:/opt/rh/devtoolset-6/root/usr/lib/gcc/x86_64-redhat-linux/6.3.1/:/opt/rh/devtoolset-6/root/usr/lib/gcc/x86_64-redhat-linux/
LIBRARY_PATH=/opt/rh/devtoolset-6/root/usr/lib/gcc/x86_64-redhat-linux/6.3.1/:/opt/rh/devtoolset-6/root/usr/lib/gcc/x86_64-redhat-linux/6.3.1/../../../../lib64/:/lib/../lib64/:/usr/lib/../lib64/:/opt/rh/devtoolset-6/root/usr/lib/gcc/x86_64-redhat-linux/6.3.1/../../../:/lib/:/usr/lib/
COLLECT_GCC_OPTIONS='-v' '-rdynamic' '-o' 'cmTC_64c06' '-shared-libgcc' '-mtune=generic' '-march=x86-64'
 /opt/rh/devtoolset-6/root/usr/libexec/gcc/x86_64-redhat-linux/6.3.1/collect2 -plugin /opt/rh/devtoolset-6/root/usr/libexec/gcc/x86_64-redhat-linux/6.3.1/liblto_plugin.so -plugin-opt=/opt/rh/devtoolset-6/root/usr/libexec/gcc/x86_64-redhat-linux/6.3.1/lto-wrapper -plugin-opt=-fresolution=/tmp/ccRgCSbM.res -plugin-opt=-pass-through=-lgcc_s -plugin-opt=-pass-through=-lgcc -plugin-opt=-pass-through=-lc -plugin-opt=-pass-through=-lgcc_s -plugin-opt=-pass-through=-lgcc --build-id --no-add-needed --eh-frame-hdr --hash-style=gnu -m elf_x86_64 -export-dynamic -dynamic-linker /lib64/ld-linux-x86-64.so.2 -o cmTC_64c06 /lib/../lib64/crt1.o /lib/../lib64/crti.o /opt/rh/devtoolset-6/root/usr/lib/gcc/x86_64-redhat-linux/6.3.1/crtbegin.o -L/opt/rh/devtoolset-6/root/usr/lib/gcc/x86_64-redhat-linux/6.3.1 -L/opt/rh/devtoolset-6/root/usr/lib/gcc/x86_64-redhat-linux/6.3.1/../../../../lib64 -L/lib/../lib64 -L/usr/lib/../lib64 -L/opt/rh/devtoolset-6/root/usr/lib/gcc/x86_64-redhat-linux/6.3.1/../../.. CMakeFiles/cmTC_64c06.dir/CMakeCXXCompilerABI.cpp.o -lstdc++ -lm -lgcc_s -lgcc -lc -lgcc_s -lgcc /opt/rh/devtoolset-6/root/usr/lib/gcc/x86_64-redhat-linux/6.3.1/crtend.o /lib/../lib64/crtn.o
COLLECT_GCC_OPTIONS='-v' '-rdynamic' '-o' 'cmTC_64c06' '-shared-libgcc' '-mtune=generic' '-march=x86-64'
gmake[2]: Leaving directory '/home/csmajs/msain003/spring-2019-assignment-the-null-terminators/CMakeFiles/CMakeTmp'
gmake[1]: Leaving directory '/home/csmajs/msain003/spring-2019-assignment-the-null-terminators/CMakeFiles/CMakeTmp'



Parsed CXX implicit include dir info from above output: rv=done
  found start of include info
  found start of implicit include info
    add: [/opt/rh/devtoolset-6/root/usr/lib/gcc/x86_64-redhat-linux/6.3.1/../../../../include/c++/6.3.1]
    add: [/opt/rh/devtoolset-6/root/usr/lib/gcc/x86_64-redhat-linux/6.3.1/../../../../include/c++/6.3.1/x86_64-redhat-linux]
    add: [/opt/rh/devtoolset-6/root/usr/lib/gcc/x86_64-redhat-linux/6.3.1/../../../../include/c++/6.3.1/backward]
    add: [/opt/rh/devtoolset-6/root/usr/lib/gcc/x86_64-redhat-linux/6.3.1/include]
    add: [/usr/local/include]
    add: [/opt/rh/devtoolset-6/root/usr/include]
    add: [/usr/include]
  end of search list found
  collapse include dir [/opt/rh/devtoolset-6/root/usr/lib/gcc/x86_64-redhat-linux/6.3.1/../../../../include/c++/6.3.1] ==> [/opt/rh/devtoolset-6/root/usr/include/c++/6.3.1]
  collapse include dir [/opt/rh/devtoolset-6/root/usr/lib/gcc/x86_64-redhat-linux/6.3.1/../../../../include/c++/6.3.1/x86_64-redhat-linux] ==> [/opt/rh/devtoolset-6/root/usr/include/c++/6.3.1/x86_64-redhat-linux]
  collapse include dir [/opt/rh/devtoolset-6/root/usr/lib/gcc/x86_64-redhat-linux/6.3.1/../../../../include/c++/6.3.1/backward] ==> [/opt/rh/devtoolset-6/root/usr/include/c++/6.3.1/backward]
  collapse include dir [/opt/rh/devtoolset-6/root/usr/lib/gcc/x86_64-redhat-linux/6.3.1/include] ==> [/opt/rh/devtoolset-6/root/usr/lib/gcc/x86_64-redhat-linux/6.3.1/include]
  collapse include dir [/usr/local/include] ==> [/usr/local/include]
  collapse include dir [/opt/rh/devtoolset-6/root/usr/include] ==> [/opt/rh/devtoolset-6/root/usr/include]
  collapse include dir [/usr/include] ==> [/usr/include]
  implicit include dirs: [/opt/rh/devtoolset-6/root/usr/include/c++/6.3.1;/opt/rh/devtoolset-6/root/usr/include/c++/6.3.1/x86_64-redhat-linux;/opt/rh/devtoolset-6/root/usr/include/c++/6.3.1/backward;/opt/rh/devtoolset-6/root/usr/lib/gcc/x86_64-redhat-linux/6.3.1/include;/usr/local/include;/opt/rh/devtoolset-6/root/usr/include;/usr/include]


Parsed CXX implicit link information from above output:
  link line regex: [^( *|.*[/\])(ld|CMAKE_LINK_STARTFILE-NOTFOUND|([^/\]+-)?ld|collect2)[^/\]*( |$)]
  ignore line: [Change Dir: /home/csmajs/msain003/spring-2019-assignment-the-null-terminators/CMakeFiles/CMakeTmp]
  ignore line: []
  ignore line: [Run Build Command(s):/opt/rh/devtoolset-6/root/usr/bin/gmake cmTC_64c06/fast && gmake[1]: Entering directory '/home/csmajs/msain003/spring-2019-assignment-the-null-terminators/CMakeFiles/CMakeTmp']
  ignore line: [/opt/rh/devtoolset-6/root/usr/bin/gmake  -f CMakeFiles/cmTC_64c06.dir/build.make CMakeFiles/cmTC_64c06.dir/build]
  ignore line: [gmake[2]: Entering directory '/home/csmajs/msain003/spring-2019-assignment-the-null-terminators/CMakeFiles/CMakeTmp']
  ignore line: [Building CXX object CMakeFiles/cmTC_64c06.dir/CMakeCXXCompilerABI.cpp.o]
  ignore line: [/opt/rh/devtoolset-6/root/usr/bin/c++    -v -o CMakeFiles/cmTC_64c06.dir/CMakeCXXCompilerABI.cpp.o -c /usr/share/cmake3/Modules/CMakeCXXCompilerABI.cpp]
  ignore line: [Using built-in specs.]
  ignore line: [COLLECT_GCC=/opt/rh/devtoolset-6/root/usr/bin/c++]
  ignore line: [Target: x86_64-redhat-linux]
  ignore line: [Configured with: ../configure --enable-bootstrap --enable-languages=c c++ fortran lto --prefix=/opt/rh/devtoolset-6/root/usr --mandir=/opt/rh/devtoolset-6/root/usr/share/man --infodir=/opt/rh/devtoolset-6/root/usr/share/info --with-bugurl=http://bugzilla.redhat.com/bugzilla --enable-shared --enable-threads=posix --enable-checking=release --enable-multilib --with-system-zlib --enable-__cxa_atexit --disable-libunwind-exceptions --enable-gnu-unique-object --enable-linker-build-id --enable-plugin --with-linker-hash-style=gnu --enable-initfini-array --disable-libgcj --with-default-libstdcxx-abi=gcc4-compatible --with-isl=/builddir/build/BUILD/gcc-6.3.1-20170216/obj-x86_64-redhat-linux/isl-install --enable-libmpx --enable-gnu-indirect-function --with-tune=generic --with-arch_32=i686 --build=x86_64-redhat-linux]
  ignore line: [Thread model: posix]
  ignore line: [gcc version 6.3.1 20170216 (Red Hat 6.3.1-3) (GCC) ]
  ignore line: [COLLECT_GCC_OPTIONS='-v' '-o' 'CMakeFiles/cmTC_64c06.dir/CMakeCXXCompilerABI.cpp.o' '-c' '-shared-libgcc' '-mtune=generic' '-march=x86-64']
  ignore line: [ /opt/rh/devtoolset-6/root/usr/libexec/gcc/x86_64-redhat-linux/6.3.1/cc1plus -quiet -v -D_GNU_SOURCE /usr/share/cmake3/Modules/CMakeCXXCompilerABI.cpp -quiet -dumpbase CMakeCXXCompilerABI.cpp -mtune=generic -march=x86-64 -auxbase-strip CMakeFiles/cmTC_64c06.dir/CMakeCXXCompilerABI.cpp.o -version -o /tmp/ccd7ZXRJ.s]
  ignore line: [GNU C++14 (GCC) version 6.3.1 20170216 (Red Hat 6.3.1-3) (x86_64-redhat-linux)]
  ignore line: [	compiled by GNU C version 6.3.1 20170216 (Red Hat 6.3.1-3)  GMP version 6.0.0  MPFR version 3.1.1  MPC version 1.0.1  isl version 0.14 or 0.13]
  ignore line: [GGC heuristics: --param ggc-min-expand=100 --param ggc-min-heapsize=131072]
  ignore line: [ignoring nonexistent directory "/opt/rh/devtoolset-6/root/usr/lib/gcc/x86_64-redhat-linux/6.3.1/include-fixed"]
  ignore line: [ignoring nonexistent directory "/opt/rh/devtoolset-6/root/usr/lib/gcc/x86_64-redhat-linux/6.3.1/../../../../x86_64-redhat-linux/include"]
  ignore line: [#include "..." search starts here:]
  ignore line: [#include <...> search starts here:]
  ignore line: [ /opt/rh/devtoolset-6/root/usr/lib/gcc/x86_64-redhat-linux/6.3.1/../../../../include/c++/6.3.1]
  ignore line: [ /opt/rh/devtoolset-6/root/usr/lib/gcc/x86_64-redhat-linux/6.3.1/../../../../include/c++/6.3.1/x86_64-redhat-linux]
  ignore line: [ /opt/rh/devtoolset-6/root/usr/lib/gcc/x86_64-redhat-linux/6.3.1/../../../../include/c++/6.3.1/backward]
  ignore line: [ /opt/rh/devtoolset-6/root/usr/lib/gcc/x86_64-redhat-linux/6.3.1/include]
  ignore line: [ /usr/local/include]
  ignore line: [ /opt/rh/devtoolset-6/root/usr/include]
  ignore line: [ /usr/include]
  ignore line: [End of search list.]
  ignore line: [GNU C++14 (GCC) version 6.3.1 20170216 (Red Hat 6.3.1-3) (x86_64-redhat-linux)]
  ignore line: [	compiled by GNU C version 6.3.1 20170216 (Red Hat 6.3.1-3)  GMP version 6.0.0  MPFR version 3.1.1  MPC version 1.0.1  isl version 0.14 or 0.13]
  ignore line: [GGC heuristics: --param ggc-min-expand=100 --param ggc-min-heapsize=131072]
  ignore line: [Compiler executable checksum: a68b63195c158323cd63fe518b04b091]
  ignore line: [COLLECT_GCC_OPTIONS='-v' '-o' 'CMakeFiles/cmTC_64c06.dir/CMakeCXXCompilerABI.cpp.o' '-c' '-shared-libgcc' '-mtune=generic' '-march=x86-64']
  ignore line: [ /opt/rh/devtoolset-6/root/usr/libexec/gcc/x86_64-redhat-linux/6.3.1/as -v --64 -o CMakeFiles/cmTC_64c06.dir/CMakeCXXCompilerABI.cpp.o /tmp/ccd7ZXRJ.s]
  ignore line: [GNU assembler version 2.27 (x86_64-redhat-linux) using BFD version version 2.27-12.el7.1]
  ignore line: [COMPILER_PATH=/opt/rh/devtoolset-6/root/usr/libexec/gcc/x86_64-redhat-linux/6.3.1/:/opt/rh/devtoolset-6/root/usr/libexec/gcc/x86_64-redhat-linux/6.3.1/:/opt/rh/devtoolset-6/root/usr/libexec/gcc/x86_64-redhat-linux/:/opt/rh/devtoolset-6/root/usr/lib/gcc/x86_64-redhat-linux/6.3.1/:/opt/rh/devtoolset-6/root/usr/lib/gcc/x86_64-redhat-linux/]
  ignore line: [LIBRARY_PATH=/opt/rh/devtoolset-6/root/usr/lib/gcc/x86_64-redhat-linux/6.3.1/:/opt/rh/devtoolset-6/root/usr/lib/gcc/x86_64-redhat-linux/6.3.1/../../../../lib64/:/lib/../lib64/:/usr/lib/../lib64/:/opt/rh/devtoolset-6/root/usr/lib/gcc/x86_64-redhat-linux/6.3.1/../../../:/lib/:/usr/lib/]
  ignore line: [COLLECT_GCC_OPTIONS='-v' '-o' 'CMakeFiles/cmTC_64c06.dir/CMakeCXXCompilerABI.cpp.o' '-c' '-shared-libgcc' '-mtune=generic' '-march=x86-64']
  ignore line: [Linking CXX executable cmTC_64c06]
  ignore line: [/usr/bin/cmake3 -E cmake_link_script CMakeFiles/cmTC_64c06.dir/link.txt --verbose=1]
  ignore line: [/opt/rh/devtoolset-6/root/usr/bin/c++      -v -rdynamic CMakeFiles/cmTC_64c06.dir/CMakeCXXCompilerABI.cpp.o  -o cmTC_64c06 ]
  ignore line: [Using built-in specs.]
  ignore line: [COLLECT_GCC=/opt/rh/devtoolset-6/root/usr/bin/c++]
  ignore line: [COLLECT_LTO_WRAPPER=/opt/rh/devtoolset-6/root/usr/libexec/gcc/x86_64-redhat-linux/6.3.1/lto-wrapper]
  ignore line: [Target: x86_64-redhat-linux]
  ignore line: [Configured with: ../configure --enable-bootstrap --enable-languages=c c++ fortran lto --prefix=/opt/rh/devtoolset-6/root/usr --mandir=/opt/rh/devtoolset-6/root/usr/share/man --infodir=/opt/rh/devtoolset-6/root/usr/share/info --with-bugurl=http://bugzilla.redhat.com/bugzilla --enable-shared --enable-threads=posix --enable-checking=release --enable-multilib --with-system-zlib --enable-__cxa_atexit --disable-libunwind-exceptions --enable-gnu-unique-object --enable-linker-build-id --enable-plugin --with-linker-hash-style=gnu --enable-initfini-array --disable-libgcj --with-default-libstdcxx-abi=gcc4-compatible --with-isl=/builddir/build/BUILD/gcc-6.3.1-20170216/obj-x86_64-redhat-linux/isl-install --enable-libmpx --enable-gnu-indirect-function --with-tune=generic --with-arch_32=i686 --build=x86_64-redhat-linux]
  ignore line: [Thread model: posix]
  ignore line: [gcc version 6.3.1 20170216 (Red Hat 6.3.1-3) (GCC) ]
  ignore line: [COMPILER_PATH=/opt/rh/devtoolset-6/root/usr/libexec/gcc/x86_64-redhat-linux/6.3.1/:/opt/rh/devtoolset-6/root/usr/libexec/gcc/x86_64-redhat-linux/6.3.1/:/opt/rh/devtoolset-6/root/usr/libexec/gcc/x86_64-redhat-linux/:/opt/rh/devtoolset-6/root/usr/lib/gcc/x86_64-redhat-linux/6.3.1/:/opt/rh/devtoolset-6/root/usr/lib/gcc/x86_64-redhat-linux/]
  ignore line: [LIBRARY_PATH=/opt/rh/devtoolset-6/root/usr/lib/gcc/x86_64-redhat-linux/6.3.1/:/opt/rh/devtoolset-6/root/usr/lib/gcc/x86_64-redhat-linux/6.3.1/../../../../lib64/:/lib/../lib64/:/usr/lib/../lib64/:/opt/rh/devtoolset-6/root/usr/lib/gcc/x86_64-redhat-linux/6.3.1/../../../:/lib/:/usr/lib/]
  ignore line: [COLLECT_GCC_OPTIONS='-v' '-rdynamic' '-o' 'cmTC_64c06' '-shared-libgcc' '-mtune=generic' '-march=x86-64']
  link line: [ /opt/rh/devtoolset-6/root/usr/libexec/gcc/x86_64-redhat-linux/6.3.1/collect2 -plugin /opt/rh/devtoolset-6/root/usr/libexec/gcc/x86_64-redhat-linux/6.3.1/liblto_plugin.so -plugin-opt=/opt/rh/devtoolset-6/root/usr/libexec/gcc/x86_64-redhat-linux/6.3.1/lto-wrapper -plugin-opt=-fresolution=/tmp/ccRgCSbM.res -plugin-opt=-pass-through=-lgcc_s -plugin-opt=-pass-through=-lgcc -plugin-opt=-pass-through=-lc -plugin-opt=-pass-through=-lgcc_s -plugin-opt=-pass-through=-lgcc --build-id --no-add-needed --eh-frame-hdr --hash-style=gnu -m elf_x86_64 -export-dynamic -dynamic-linker /lib64/ld-linux-x86-64.so.2 -o cmTC_64c06 /lib/../lib64/crt1.o /lib/../lib64/crti.o /opt/rh/devtoolset-6/root/usr/lib/gcc/x86_64-redhat-linux/6.3.1/crtbegin.o -L/opt/rh/devtoolset-6/root/usr/lib/gcc/x86_64-redhat-linux/6.3.1 -L/opt/rh/devtoolset-6/root/usr/lib/gcc/x86_64-redhat-linux/6.3.1/../../../../lib64 -L/lib/../lib64 -L/usr/lib/../lib64 -L/opt/rh/devtoolset-6/root/usr/lib/gcc/x86_64-redhat-linux/6.3.1/../../.. CMakeFiles/cmTC_64c06.dir/CMakeCXXCompilerABI.cpp.o -lstdc++ -lm -lgcc_s -lgcc -lc -lgcc_s -lgcc /opt/rh/devtoolset-6/root/usr/lib/gcc/x86_64-redhat-linux/6.3.1/crtend.o /lib/../lib64/crtn.o]
    arg [/opt/rh/devtoolset-6/root/usr/libexec/gcc/x86_64-redhat-linux/6.3.1/collect2] ==> ignore
    arg [-plugin] ==> ignore
    arg [/opt/rh/devtoolset-6/root/usr/libexec/gcc/x86_64-redhat-linux/6.3.1/liblto_plugin.so] ==> ignore
    arg [-plugin-opt=/opt/rh/devtoolset-6/root/usr/libexec/gcc/x86_64-redhat-linux/6.3.1/lto-wrapper] ==> ignore
    arg [-plugin-opt=-fresolution=/tmp/ccRgCSbM.res] ==> ignore
    arg [-plugin-opt=-pass-through=-lgcc_s] ==> ignore
    arg [-plugin-opt=-pass-through=-lgcc] ==> ignore
    arg [-plugin-opt=-pass-through=-lc] ==> ignore
    arg [-plugin-opt=-pass-through=-lgcc_s] ==> ignore
    arg [-plugin-opt=-pass-through=-lgcc] ==> ignore
    arg [--build-id] ==> ignore
    arg [--no-add-needed] ==> ignore
    arg [--eh-frame-hdr] ==> ignore
    arg [--hash-style=gnu] ==> ignore
    arg [-m] ==> ignore
    arg [elf_x86_64] ==> ignore
    arg [-export-dynamic] ==> ignore
    arg [-dynamic-linker] ==> ignore
    arg [/lib64/ld-linux-x86-64.so.2] ==> ignore
    arg [-o] ==> ignore
    arg [cmTC_64c06] ==> ignore
    arg [/lib/../lib64/crt1.o] ==> ignore
    arg [/lib/../lib64/crti.o] ==> ignore
    arg [/opt/rh/devtoolset-6/root/usr/lib/gcc/x86_64-redhat-linux/6.3.1/crtbegin.o] ==> ignore
    arg [-L/opt/rh/devtoolset-6/root/usr/lib/gcc/x86_64-redhat-linux/6.3.1] ==> dir [/opt/rh/devtoolset-6/root/usr/lib/gcc/x86_64-redhat-linux/6.3.1]
    arg [-L/opt/rh/devtoolset-6/root/usr/lib/gcc/x86_64-redhat-linux/6.3.1/../../../../lib64] ==> dir [/opt/rh/devtoolset-6/root/usr/lib/gcc/x86_64-redhat-linux/6.3.1/../../../../lib64]
    arg [-L/lib/../lib64] ==> dir [/lib/../lib64]
    arg [-L/usr/lib/../lib64] ==> dir [/usr/lib/../lib64]
    arg [-L/opt/rh/devtoolset-6/root/usr/lib/gcc/x86_64-redhat-linux/6.3.1/../../..] ==> dir [/opt/rh/devtoolset-6/root/usr/lib/gcc/x86_64-redhat-linux/6.3.1/../../..]
    arg [CMakeFiles/cmTC_64c06.dir/CMakeCXXCompilerABI.cpp.o] ==> ignore
    arg [-lstdc++] ==> lib [stdc++]
    arg [-lm] ==> lib [m]
    arg [-lgcc_s] ==> lib [gcc_s]
    arg [-lgcc] ==> lib [gcc]
    arg [-lc] ==> lib [c]
    arg [-lgcc_s] ==> lib [gcc_s]
    arg [-lgcc] ==> lib [gcc]
    arg [/opt/rh/devtoolset-6/root/usr/lib/gcc/x86_64-redhat-linux/6.3.1/crtend.o] ==> ignore
    arg [/lib/../lib64/crtn.o] ==> ignore
  collapse library dir [/opt/rh/devtoolset-6/root/usr/lib/gcc/x86_64-redhat-linux/6.3.1] ==> [/opt/rh/devtoolset-6/root/usr/lib/gcc/x86_64-redhat-linux/6.3.1]
  collapse library dir [/opt/rh/devtoolset-6/root/usr/lib/gcc/x86_64-redhat-linux/6.3.1/../../../../lib64] ==> [/opt/rh/devtoolset-6/root/usr/lib64]
  collapse library dir [/lib/../lib64] ==> [/lib64]
  collapse library dir [/usr/lib/../lib64] ==> [/usr/lib64]
  collapse library dir [/opt/rh/devtoolset-6/root/usr/lib/gcc/x86_64-redhat-linux/6.3.1/../../..] ==> [/opt/rh/devtoolset-6/root/usr/lib]
  implicit libs: [stdc++;m;gcc_s;gcc;c;gcc_s;gcc]
  implicit dirs: [/opt/rh/devtoolset-6/root/usr/lib/gcc/x86_64-redhat-linux/6.3.1;/opt/rh/devtoolset-6/root/usr/lib64;/lib64;/usr/lib64;/opt/rh/devtoolset-6/root/usr/lib]
  implicit fwks: []


